Start testing: Jul 23 11:01 CST
----------------------------------------------------------
1/265 Testing: create_instance
1/265 Test: create_instance
Command: "/home/york/share/webrtc/openfec/openfec_v1.4.2/bin/Release/test_create_instance"
Directory: /home/york/share/webrtc/openfec/openfec_v1.4.2/build/tests
"create_instance" start time: Jul 23 11:01 CST
Output:
----------------------------------------------------------
(OF_CODEC_REED_SOLOMON_GF_2_8_STABLE):
	unknown codec:
	Ignored...
(OF_CODEC_LDPC_STAIRCASE_STABLE):
	unknown codec:
	Ignored...
(OF_CODEC_2D_PARITY_MATRIX_STABLE):
	unknown codec:
	Ignored...
unknown codec:
	Ignored...
unknown codec:
	Ignored...
unknown codec:
	Ignored...
unknown codec:
	Ignored...
unknown codec:
	Ignored...
OK
<end of output>
Test time =   0.00 sec
----------------------------------------------------------
Test Passed.
"create_instance" end time: Jul 23 11:01 CST
"create_instance" time elapsed: 00:00:00
----------------------------------------------------------

2/265 Testing: encoder_instance
2/265 Test: encoder_instance
Command: "/home/york/share/webrtc/openfec/openfec_v1.4.2/bin/Release/test_encoder_instance"
Directory: /home/york/share/webrtc/openfec/openfec_v1.4.2/build/tests
"encoder_instance" start time: Jul 23 11:01 CST
Output:
----------------------------------------------------------

Codec 1 (OF_CODEC_REED_SOLOMON_GF_2_8_STABLE):
	0 1 2 3 4 5 6 7 8 9 10 11 12 13 14 15 16 17 18 19 20 21 22 23 24 25 26 27 28 29 30 31 32 33 34 35 36 37 38 39 40 41 42 43 44 45 46 47 48 49 50 51 52 53 54 55 56 57 58 59 60 61 62 63 64 65 66 67 68 69 70 71 72 73 74 75 76 77 78 79 80 81 82 83 84 85 86 87 88 89 90 91 92 93 94 95 96 97 98 99 100 101 102 103 104 105 106 107 108 109 110 111 112 113 114 115 116 117 118 119 120 121 122 123 124 125 126 127 128 129 130 131 132 133 134 135 136 137 138 139 140 141 142 143 144 145 146 147 148 149 150 151 152 153 154 155 156 157 158 159 160 161 162 163 164 165 166 167 168 169 170 171 172 173 174 175 176 177 178 179 180 181 182 183 184 185 186 187 188 189 190 191 192 193 194 195 196 197 198 199 200 201 202 203 204 205 206 207 208 209 210 211 212 213 214 215 216 217 218 219 220 221 222 223 224 225 226 227 228 229 230 231 232 233 234 235 236 237 238 239 240 241 242 243 244 245 246 247 248 249 250 251 252 253 254 255 256 257 258 259 260 261 262 263 264 265 266 267 268 269 270 271 272 273 274 275 276 277 278 279 280 281 282 283 284 285 286 287 288 289 290 291 292 293 294 295 296 297 298 299 300 301 302 303 304 305 306 307 308 309 310 311 312 313 314 315 316 317 318 319 320 321 322 323 324 325 326 327 328 329 330 331 332 333 334 335 336 337 338 339 340 341 342 343 344 345 346 347 348 349 350 351 352 353 354 355 356 357 358 359 360 361 362 363 364 365 366 367 368 369 370 371 372 373 374 375 376 377 378 379 380 381 382 383 384 385 386 387 388 389 390 391 392 393 394 395 396 397 398 399 400 401 402 403 404 405 406 407 408 409 410 411 412 413 414 415 416 417 418 419 420 421 422 423 424 425 426 427 428 429 430 431 432 433 434 435 436 437 438 439 440 441 442 443 444 445 446 447 448 449 450 451 452 453 454 455 456 457 458 459 460 461 462 463 464 465 466 467 468 469 470 471 472 473 474 475 476 477 478 479 480 481 482 483 484 485 486 487 488 489 490 491 492 493 494 495 496 497 498 499 500 

Codec 2 unknown codec:
	Ignored...

Codec 3 (OF_CODEC_LDPC_STAIRCASE_STABLE):
	0 1 2 3 4 5 6 7 8 9 10 11 12 13 14 15 16 17 18 19 20 21 22 23 24 25 26 27 28 29 30 31 32 33 34 35 36 37 38 39 40 41 42 43 44 45 46 47 48 49 50 51 52 53 54 55 56 57 58 59 60 61 62 63 64 65 66 67 68 69 70 71 72 73 74 75 76 77 78 79 80 81 82 83 84 85 86 87 88 89 90 91 92 93 94 95 96 97 98 99 100 101 102 103 104 105 106 107 108 109 110 111 112 113 114 115 116 117 118 119 120 121 122 123 124 125 126 127 128 129 130 131 132 133 134 135 136 137 138 139 140 141 142 143 144 145 146 147 148 149 150 151 152 153 154 155 156 157 158 159 160 161 162 163 164 165 166 167 168 169 170 171 172 173 174 175 176 177 178 179 180 181 182 183 184 185 186 187 188 189 190 191 192 193 194 195 196 197 198 199 200 201 202 203 204 205 206 207 208 209 210 211 212 213 214 215 216 217 218 219 220 221 222 223 224 225 226 227 228 229 230 231 232 233 234 235 236 237 238 239 240 241 242 243 244 245 246 247 248 249 250 251 252 253 254 255 256 257 258 259 260 261 262 263 264 265 266 267 268 269 270 271 272 273 274 275 276 277 278 279 280 281 282 283 284 285 286 287 288 289 290 291 292 293 294 295 296 297 298 299 300 301 302 303 304 305 306 307 308 309 310 311 312 313 314 315 316 317 318 319 320 321 322 323 324 325 326 327 328 329 330 331 332 333 334 335 336 337 338 339 340 341 342 343 344 345 346 347 348 349 350 351 352 353 354 355 356 357 358 359 360 361 362 363 364 365 366 367 368 369 370 371 372 373 374 375 376 377 378 379 380 381 382 383 384 385 386 387 388 389 390 391 392 393 394 395 396 397 398 399 400 401 402 403 404 405 406 407 408 409 410 411 412 413 414 415 416 417 418 419 420 421 422 423 424 425 426 427 428 429 430 431 432 433 434 435 436 437 438 439 440 441 442 443 444 445 446 447 448 449 450 451 452 453 454 455 456 457 458 459 460 461 462 463 464 465 466 467 468 469 470 471 472 473 474 475 476 477 478 479 480 481 482 483 484 485 486 487 488 489 490 491 492 493 494 495 496 497 498 499 500 

Codec 4 unknown codec:
	Ignored...

Codec 5 (OF_CODEC_2D_PARITY_MATRIX_STABLE):
	0 1 2 3 4 5 6 7 8 9 10 11 12 13 14 15 16 17 18 19 20 21 22 23 24 25 26 27 28 29 30 31 32 33 34 35 36 37 38 39 40 41 42 43 44 45 46 47 48 49 50 51 52 53 54 55 56 57 58 59 60 61 62 63 64 65 66 67 68 69 70 71 72 73 74 75 76 77 78 79 80 81 82 83 84 85 86 87 88 89 90 91 92 93 94 95 96 97 98 99 100 101 102 103 104 105 106 107 108 109 110 111 112 113 114 115 116 117 118 119 120 121 122 123 124 125 126 127 128 129 130 131 132 133 134 135 136 137 138 139 140 141 142 143 144 145 146 147 148 149 150 151 152 153 154 155 156 157 158 159 160 161 162 163 164 165 166 167 168 169 170 171 172 173 174 175 176 177 178 179 180 181 182 183 184 185 186 187 188 189 190 191 192 193 194 195 196 197 198 199 200 201 202 203 204 205 206 207 208 209 210 211 212 213 214 215 216 217 218 219 220 221 222 223 224 225 226 227 228 229 230 231 232 233 234 235 236 237 238 239 240 241 242 243 244 245 246 247 248 249 250 251 252 253 254 255 256 257 258 259 260 261 262 263 264 265 266 267 268 269 270 271 272 273 274 275 276 277 278 279 280 281 282 283 284 285 286 287 288 289 290 291 292 293 294 295 296 297 298 299 300 301 302 303 304 305 306 307 308 309 310 311 312 313 314 315 316 317 318 319 320 321 322 323 324 325 326 327 328 329 330 331 332 333 334 335 336 337 338 339 340 341 342 343 344 345 346 347 348 349 350 351 352 353 354 355 356 357 358 359 360 361 362 363 364 365 366 367 368 369 370 371 372 373 374 375 376 377 378 379 380 381 382 383 384 385 386 387 388 389 390 391 392 393 394 395 396 397 398 399 400 401 402 403 404 405 406 407 408 409 410 411 412 413 414 415 416 417 418 419 420 421 422 423 424 425 426 427 428 429 430 431 432 433 434 435 436 437 438 439 440 441 442 443 444 445 446 447 448 449 450 451 452 453 454 455 456 457 458 459 460 461 462 463 464 465 466 467 468 469 470 471 472 473 474 475 476 477 478 479 480 481 482 483 484 485 486 487 488 489 490 491 492 493 494 495 496 497 498 499 500 

Codec 6 unknown codec:
	Ignored...

Codec 7 unknown codec:
	Ignored...

Codec 8 unknown codec:
	Ignored...

Codec 9 unknown codec:
	Ignored...

Codec 10 unknown codec:
	Ignored...

Codec 11 unknown codec:
	Ignored...
encoder_instance_test: OK
<end of output>
Test time =   1.48 sec
----------------------------------------------------------
Test Passed.
"encoder_instance" end time: Jul 23 11:01 CST
"encoder_instance" time elapsed: 00:00:01
----------------------------------------------------------

3/265 Testing: code_params
3/265 Test: code_params
Command: "/home/york/share/webrtc/openfec/openfec_v1.4.2/bin/Release/test_code_params"
Directory: /home/york/share/webrtc/openfec/openfec_v1.4.2/build/tests
"code_params" start time: Jul 23 11:01 CST
Output:
----------------------------------------------------------

Codec 1 (OF_CODEC_REED_SOLOMON_GF_2_8_STABLE):
	0 1 2 3 4 5 6 7 8 9 10 11 12 13 14 15 16 17 18 19 20 21 22 23 24 25 26 27 28 29 30 31 32 33 34 35 36 37 38 39 40 41 42 43 44 45 46 47 48 49 50 51 52 53 54 55 56 57 58 59 60 61 62 63 64 65 66 67 68 69 70 71 72 73 74 75 76 77 78 79 80 81 82 83 84 85 86 87 88 89 90 91 92 93 94 95 96 97 98 99 100 
Codec 2 (OF_CODEC_REED_SOLOMON_GF_2_M_STABLE):
	0 1 2 3 4 5 6 7 8 9 10 11 12 13 14 15 16 17 18 19 20 21 22 23 24 25 26 27 28 29 30 31 32 33 34 35 36 37 38 39 40 41 42 43 44 45 46 47 48 49 50 51 52 53 54 55 56 57 58 59 60 61 62 63 64 65 66 67 68 69 70 71 72 73 74 75 76 77 78 79 80 81 82 83 84 85 86 87 88 89 90 91 92 93 94 95 96 97 98 99 100 
Codec 3 (OF_CODEC_LDPC_STAIRCASE_STABLE):
	0 1 2 3 4 5 6 7 8 9 10 11 12 13 14 15 16 17 18 19 20 21 22 23 24 25 26 27 28 29 30 31 32 33 34 35 36 37 38 39 40 41 42 43 44 45 46 47 48 49 50 51 52 53 54 55 56 57 58 59 60 61 62 63 64 65 66 67 68 69 70 71 72 73 74 75 76 77 78 79 80 81 82 83 84 85 86 87 88 89 90 91 92 93 94 95 96 97 98 99 100 
Codec 4 unknown codec:
	Ignored...

Codec 5 (OF_CODEC_2D_PARITY_MATRIX_STABLE):
	0 1 2 3 4 5 6 7 8 9 10 11 12 13 14 15 16 17 18 19 20 21 22 23 24 25 26 27 28 29 30 31 32 33 34 35 36 37 38 39 40 41 42 43 44 45 46 47 48 49 50 51 52 53 54 55 56 57 58 59 60 61 62 63 64 65 66 67 68 69 70 71 72 73 74 75 76 77 78 79 80 81 82 83 84 85 86 87 88 89 90 91 92 93 94 95 96 97 98 99 100 
Codec 6 unknown codec:
	Ignored...

Codec 7 unknown codec:
	Ignored...

Codec 8 unknown codec:
	Ignored...

Codec 9 unknown codec:
	Ignored...

Codec 10 unknown codec:
	Ignored...

Codec 11 unknown codec:
	Ignored...
code_params_test: OK
<end of output>
Test time =   1.65 sec
----------------------------------------------------------
Test Passed.
"code_params" end time: Jul 23 11:01 CST
"code_params" time elapsed: 00:00:01
----------------------------------------------------------

4/265 Testing: Test.LDPC-SC-ADV.cr2.3.tx0
4/265 Test: Test.LDPC-SC-ADV.cr2.3.tx0
Command: "/home/york/share/webrtc/openfec/openfec_v1.4.2/bin/Release/eperftool" "-codec=3" "-seed=1" "-tot_src=1000" "-tot_rep=500"
Directory: /home/york/share/webrtc/openfec/openfec_v1.4.2/build/tests
"Test.LDPC-SC-ADV.cr2.3.tx0" start time: Jul 23 11:01 CST
Output:
----------------------------------------------------------
/home/york/share/webrtc/openfec/openfec_v1.4.2/bin/Release/eperftooleperf_tool: an extended AL-FEC performance evaluation tool
OpenFEC.org - Version 1.4.2, December 16th, 2014

tot_nb_source_symbols=1000  tot_nb_repair_symbols=500  symbol_size=1024  ldpc_N1=5  rs_m=8
codec_id=3
transmission_type=randomly_send_all_source_and_repair_symbols
of_compute_blocking_struct: B=33333, L=1024000, E=1024
		nb_blocks=1, I=0, A_large=1000, A_small=1000
prng seed=1
encoding_start=1563850903.393464
encoding_end=1563850903.394364  encoding_time=0.000900
decoding_start=1563850903.394392
decoding_end=1563850903.395770  decoding_time=0.001378  nb_received_symbols=1097  inefficiency_ratio=1.097000
eperf_tool: decoding ok
decoding_status=0
<end of output>
Test time =   0.02 sec
----------------------------------------------------------
Test Passed.
"Test.LDPC-SC-ADV.cr2.3.tx0" end time: Jul 23 11:01 CST
"Test.LDPC-SC-ADV.cr2.3.tx0" time elapsed: 00:00:00
----------------------------------------------------------

5/265 Testing: Test.LDPC-SC-ADV.cr1.2.tx1
5/265 Test: Test.LDPC-SC-ADV.cr1.2.tx1
Command: "/home/york/share/webrtc/openfec/openfec_v1.4.2/bin/Release/eperftool" "-codec=3" "-seed=1" "-tot_src=1000" "-tot_rep=1000" "-tx_type=1"
Directory: /home/york/share/webrtc/openfec/openfec_v1.4.2/build/tests
"Test.LDPC-SC-ADV.cr1.2.tx1" start time: Jul 23 11:01 CST
Output:
----------------------------------------------------------
/home/york/share/webrtc/openfec/openfec_v1.4.2/bin/Release/eperftooleperf_tool: an extended AL-FEC performance evaluation tool
OpenFEC.org - Version 1.4.2, December 16th, 2014

tot_nb_source_symbols=1000  tot_nb_repair_symbols=1000  symbol_size=1024  ldpc_N1=5  rs_m=8
codec_id=3
transmission_type=randomly_send_a_few_source_symbols_and_repair_symbols
of_compute_blocking_struct: B=25000, L=1024000, E=1024
		nb_blocks=1, I=0, A_large=1000, A_small=1000
prng seed=1
encoding_start=1563850903.416608
encoding_end=1563850903.417606  encoding_time=0.000998
decoding_start=1563850903.417630
decoding_end=1563850903.425790  decoding_time=0.008160  nb_received_symbols=1200  inefficiency_ratio=1.200000
eperf_tool: decoding ok
decoding_status=0
<end of output>
Test time =   0.03 sec
----------------------------------------------------------
Test Passed.
"Test.LDPC-SC-ADV.cr1.2.tx1" end time: Jul 23 11:01 CST
"Test.LDPC-SC-ADV.cr1.2.tx1" time elapsed: 00:00:00
----------------------------------------------------------

6/265 Testing: Test.LDPC-SC-ADV.cr1.2.tx2
6/265 Test: Test.LDPC-SC-ADV.cr1.2.tx2
Command: "/home/york/share/webrtc/openfec/openfec_v1.4.2/bin/Release/eperftool" "-codec=3" "-seed=1" "-tot_src=1000" "-tot_rep=1000" "-tx_type=2"
Directory: /home/york/share/webrtc/openfec/openfec_v1.4.2/build/tests
"Test.LDPC-SC-ADV.cr1.2.tx2" start time: Jul 23 11:01 CST
Output:
----------------------------------------------------------
/home/york/share/webrtc/openfec/openfec_v1.4.2/bin/Release/eperftooleperf_tool: an extended AL-FEC performance evaluation tool
OpenFEC.org - Version 1.4.2, December 16th, 2014

tot_nb_source_symbols=1000  tot_nb_repair_symbols=1000  symbol_size=1024  ldpc_N1=5  rs_m=8
codec_id=3
transmission_type=randomly_send_a_few_src_symbols_first_then_randomly_all_repair_symbols
of_compute_blocking_struct: B=25000, L=1024000, E=1024
		nb_blocks=1, I=0, A_large=1000, A_small=1000
prng seed=1
encoding_start=1563850903.443461
encoding_end=1563850903.444759  encoding_time=0.001298
decoding_start=1563850903.444800
decoding_end=1563850903.455123  decoding_time=0.010323  nb_received_symbols=1200  inefficiency_ratio=1.200000
eperf_tool: decoding ok
decoding_status=0
<end of output>
Test time =   0.03 sec
----------------------------------------------------------
Test Passed.
"Test.LDPC-SC-ADV.cr1.2.tx2" end time: Jul 23 11:01 CST
"Test.LDPC-SC-ADV.cr1.2.tx2" time elapsed: 00:00:00
----------------------------------------------------------

7/265 Testing: Test.LDPC-SC.cr1.2.tx3
7/265 Test: Test.LDPC-SC.cr1.2.tx3
Command: "/home/york/share/webrtc/openfec/openfec_v1.4.2/bin/Release/eperftool" "-codec=3" "-seed=1" "-tot_src=1000" "-tot_rep=1090" "-tx_type=3"
Directory: /home/york/share/webrtc/openfec/openfec_v1.4.2/build/tests
"Test.LDPC-SC.cr1.2.tx3" start time: Jul 23 11:01 CST
Output:
----------------------------------------------------------
/home/york/share/webrtc/openfec/openfec_v1.4.2/bin/Release/eperftooleperf_tool: an extended AL-FEC performance evaluation tool
OpenFEC.org - Version 1.4.2, December 16th, 2014

tot_nb_source_symbols=1000  tot_nb_repair_symbols=1090  symbol_size=1024  ldpc_N1=5  rs_m=8
codec_id=3
transmission_type=randomly_send_only_repair_symbols
of_compute_blocking_struct: B=23923, L=1024000, E=1024
		nb_blocks=1, I=0, A_large=1000, A_small=1000
prng seed=1
encoding_start=1563850903.474282
encoding_end=1563850903.475466  encoding_time=0.001184
decoding_start=1563850903.475508
decoding_end=1563850903.489342  decoding_time=0.013834  nb_received_symbols=1090  inefficiency_ratio=1.090000
eperf_tool: decoding ok
decoding_status=0
<end of output>
Test time =   0.03 sec
----------------------------------------------------------
Test Passed.
"Test.LDPC-SC.cr1.2.tx3" end time: Jul 23 11:01 CST
"Test.LDPC-SC.cr1.2.tx3" time elapsed: 00:00:00
----------------------------------------------------------

8/265 Testing: Test.LDPC-SC.cr2.3.tx4
8/265 Test: Test.LDPC-SC.cr2.3.tx4
Command: "/home/york/share/webrtc/openfec/openfec_v1.4.2/bin/Release/eperftool" "-codec=3" "-seed=1" "-tot_src=1000" "-tot_rep=500" "-tx_type=4"
Directory: /home/york/share/webrtc/openfec/openfec_v1.4.2/build/tests
"Test.LDPC-SC.cr2.3.tx4" start time: Jul 23 11:01 CST
Output:
----------------------------------------------------------
/home/york/share/webrtc/openfec/openfec_v1.4.2/bin/Release/eperftooleperf_tool: an extended AL-FEC performance evaluation tool
OpenFEC.org - Version 1.4.2, December 16th, 2014

tot_nb_source_symbols=1000  tot_nb_repair_symbols=500  symbol_size=1024  ldpc_N1=5  rs_m=8
codec_id=3
transmission_type=sequentially_send_all_src_symbols_first_then_repair_symbols
of_compute_blocking_struct: B=33333, L=1024000, E=1024
		nb_blocks=1, I=0, A_large=1000, A_small=1000
prng seed=1
encoding_start=1563850903.507676
encoding_end=1563850903.509021  encoding_time=0.001345
decoding_start=1563850903.509075
decoding_end=1563850903.509700  decoding_time=0.000625  nb_received_symbols=1000  inefficiency_ratio=1.000000
eperf_tool: decoding ok
decoding_status=0
<end of output>
Test time =   0.02 sec
----------------------------------------------------------
Test Passed.
"Test.LDPC-SC.cr2.3.tx4" end time: Jul 23 11:01 CST
"Test.LDPC-SC.cr2.3.tx4" time elapsed: 00:00:00
----------------------------------------------------------

9/265 Testing: Test.LDPC-SC.cr2.3.tx5
9/265 Test: Test.LDPC-SC.cr2.3.tx5
Command: "/home/york/share/webrtc/openfec/openfec_v1.4.2/bin/Release/eperftool" "-codec=3" "-seed=1" "-tot_src=1000" "-tot_rep=500" "-tx_type=5"
Directory: /home/york/share/webrtc/openfec/openfec_v1.4.2/build/tests
"Test.LDPC-SC.cr2.3.tx5" start time: Jul 23 11:01 CST
Output:
----------------------------------------------------------
/home/york/share/webrtc/openfec/openfec_v1.4.2/bin/Release/eperftooleperf_tool: an extended AL-FEC performance evaluation tool
OpenFEC.org - Version 1.4.2, December 16th, 2014

tot_nb_source_symbols=1000  tot_nb_repair_symbols=500  symbol_size=1024  ldpc_N1=5  rs_m=8
codec_id=3
transmission_type=sequentially_send_all_repair_symbols_first_then_src_symbols
of_compute_blocking_struct: B=33333, L=1024000, E=1024
		nb_blocks=1, I=0, A_large=1000, A_small=1000
prng seed=1
encoding_start=1563850903.526300
encoding_end=1563850903.527166  encoding_time=0.000866
decoding_start=1563850903.527201
decoding_end=1563850903.528435  decoding_time=0.001234  nb_received_symbols=1159  inefficiency_ratio=1.159000
eperf_tool: decoding ok
decoding_status=0
<end of output>
Test time =   0.02 sec
----------------------------------------------------------
Test Passed.
"Test.LDPC-SC.cr2.3.tx5" end time: Jul 23 11:01 CST
"Test.LDPC-SC.cr2.3.tx5" time elapsed: 00:00:00
----------------------------------------------------------

10/265 Testing: Test.LDPC-SC.cr2.3.tx6
10/265 Test: Test.LDPC-SC.cr2.3.tx6
Command: "/home/york/share/webrtc/openfec/openfec_v1.4.2/bin/Release/eperftool" "-codec=3" "-seed=1" "-tot_src=1000" "-tot_rep=500" "-tx_type=6"
Directory: /home/york/share/webrtc/openfec/openfec_v1.4.2/build/tests
"Test.LDPC-SC.cr2.3.tx6" start time: Jul 23 11:01 CST
Output:
----------------------------------------------------------
/home/york/share/webrtc/openfec/openfec_v1.4.2/bin/Release/eperftooleperf_tool: an extended AL-FEC performance evaluation tool
OpenFEC.org - Version 1.4.2, December 16th, 2014

tot_nb_source_symbols=1000  tot_nb_repair_symbols=500  symbol_size=1024  ldpc_N1=5  rs_m=8
codec_id=3
transmission_type=sequentially_send_all_src_symbols_first_then_randomly_src_symbols
of_compute_blocking_struct: B=33333, L=1024000, E=1024
		nb_blocks=1, I=0, A_large=1000, A_small=1000
prng seed=1
encoding_start=1563850903.545714
encoding_end=1563850903.546560  encoding_time=0.000846
decoding_start=1563850903.546579
decoding_end=1563850903.547027  decoding_time=0.000448  nb_received_symbols=1000  inefficiency_ratio=1.000000
eperf_tool: decoding ok
decoding_status=0
<end of output>
Test time =   0.02 sec
----------------------------------------------------------
Test Passed.
"Test.LDPC-SC.cr2.3.tx6" end time: Jul 23 11:01 CST
"Test.LDPC-SC.cr2.3.tx6" time elapsed: 00:00:00
----------------------------------------------------------

11/265 Testing: Test.LDPC-SC.cr2.3.tx7
11/265 Test: Test.LDPC-SC.cr2.3.tx7
Command: "/home/york/share/webrtc/openfec/openfec_v1.4.2/bin/Release/eperftool" "-codec=3" "-seed=1" "-tot_src=1000" "-tot_rep=500" "-tx_type=7"
Directory: /home/york/share/webrtc/openfec/openfec_v1.4.2/build/tests
"Test.LDPC-SC.cr2.3.tx7" start time: Jul 23 11:01 CST
Output:
----------------------------------------------------------
/home/york/share/webrtc/openfec/openfec_v1.4.2/bin/Release/eperftooleperf_tool: an extended AL-FEC performance evaluation tool
OpenFEC.org - Version 1.4.2, December 16th, 2014

tot_nb_source_symbols=1000  tot_nb_repair_symbols=500  symbol_size=1024  ldpc_N1=5  rs_m=8
codec_id=3
transmission_type=sequentially_send_all_repair_symbols_first_then_randomly_src_symbols
of_compute_blocking_struct: B=33333, L=1024000, E=1024
		nb_blocks=1, I=0, A_large=1000, A_small=1000
prng seed=1
encoding_start=1563850903.565705
encoding_end=1563850903.566547  encoding_time=0.000842
decoding_start=1563850903.566566
decoding_end=1563850903.567775  decoding_time=0.001209  nb_received_symbols=1167  inefficiency_ratio=1.167000
eperf_tool: decoding ok
decoding_status=0
<end of output>
Test time =   0.02 sec
----------------------------------------------------------
Test Passed.
"Test.LDPC-SC.cr2.3.tx7" end time: Jul 23 11:01 CST
"Test.LDPC-SC.cr2.3.tx7" time elapsed: 00:00:00
----------------------------------------------------------

12/265 Testing: Test.LDPC-SC.cr2.3.loss1
12/265 Test: Test.LDPC-SC.cr2.3.loss1
Command: "/home/york/share/webrtc/openfec/openfec_v1.4.2/bin/Release/eperftool" "-codec=3" "-seed=1" "-tot_src=1000" "-tot_rep=500" "-loss=2:30"
Directory: /home/york/share/webrtc/openfec/openfec_v1.4.2/build/tests
"Test.LDPC-SC.cr2.3.loss1" start time: Jul 23 11:01 CST
Output:
----------------------------------------------------------
/home/york/share/webrtc/openfec/openfec_v1.4.2/bin/Release/eperftooleperf_tool: an extended AL-FEC performance evaluation tool
OpenFEC.org - Version 1.4.2, December 16th, 2014

tot_nb_source_symbols=1000  tot_nb_repair_symbols=500  symbol_size=1024  ldpc_N1=5  rs_m=8
codec_id=3
transmission_type=randomly_send_all_source_and_repair_symbols
of_compute_blocking_struct: B=33333, L=1024000, E=1024
		nb_blocks=1, I=0, A_large=1000, A_small=1000
prng seed=1
encoding_start=1563850903.588693
encoding_end=1563850903.589708  encoding_time=0.001015
decoding_start=1563850903.589765
decoding_end=1563850903.591830  decoding_time=0.002065  nb_received_symbols=1050  inefficiency_ratio=1.050000
eperf_tool: decoding ok
decoding_status=0
<end of output>
Test time =   0.02 sec
----------------------------------------------------------
Test Passed.
"Test.LDPC-SC.cr2.3.loss1" end time: Jul 23 11:01 CST
"Test.LDPC-SC.cr2.3.loss1" time elapsed: 00:00:00
----------------------------------------------------------

13/265 Testing: Test.LDPC-SC.cr2.3.loss2
13/265 Test: Test.LDPC-SC.cr2.3.loss2
Command: "/home/york/share/webrtc/openfec/openfec_v1.4.2/bin/Release/eperftool" "-codec=3" "-seed=1" "-tot_src=1000" "-tot_rep=500" "-loss=3:480"
Directory: /home/york/share/webrtc/openfec/openfec_v1.4.2/build/tests
"Test.LDPC-SC.cr2.3.loss2" start time: Jul 23 11:01 CST
Output:
----------------------------------------------------------
/home/york/share/webrtc/openfec/openfec_v1.4.2/bin/Release/eperftooleperf_tool: an extended AL-FEC performance evaluation tool
OpenFEC.org - Version 1.4.2, December 16th, 2014

tot_nb_source_symbols=1000  tot_nb_repair_symbols=500  symbol_size=1024  ldpc_N1=5  rs_m=8
codec_id=3
transmission_type=randomly_send_all_source_and_repair_symbols
of_compute_blocking_struct: B=33333, L=1024000, E=1024
		nb_blocks=1, I=0, A_large=1000, A_small=1000
prng seed=1
encoding_start=1563850903.609394
encoding_end=1563850903.610297  encoding_time=0.000903
decoding_start=1563850903.610326
decoding_end=1563850903.612875  decoding_time=0.002549  nb_received_symbols=1020  inefficiency_ratio=1.020000
eperf_tool: decoding ok
decoding_status=0
<end of output>
Test time =   0.02 sec
----------------------------------------------------------
Test Passed.
"Test.LDPC-SC.cr2.3.loss2" end time: Jul 23 11:01 CST
"Test.LDPC-SC.cr2.3.loss2" time elapsed: 00:00:00
----------------------------------------------------------

14/265 Testing: Test.LDPC-SC.cr2.3.loss3
14/265 Test: Test.LDPC-SC.cr2.3.loss3
Command: "/home/york/share/webrtc/openfec/openfec_v1.4.2/bin/Release/eperftool" "-codec=3" "-seed=1" "-tot_src=1000" "-tot_rep=500" "-loss=1"
Directory: /home/york/share/webrtc/openfec/openfec_v1.4.2/build/tests
"Test.LDPC-SC.cr2.3.loss3" start time: Jul 23 11:01 CST
Output:
----------------------------------------------------------
/home/york/share/webrtc/openfec/openfec_v1.4.2/bin/Release/eperftooleperf_tool: an extended AL-FEC performance evaluation tool
OpenFEC.org - Version 1.4.2, December 16th, 2014

tot_nb_source_symbols=1000  tot_nb_repair_symbols=500  symbol_size=1024  ldpc_N1=5  rs_m=8
codec_id=3
transmission_type=randomly_send_all_source_and_repair_symbols
of_compute_blocking_struct: B=33333, L=1024000, E=1024
		nb_blocks=1, I=0, A_large=1000, A_small=1000
prng seed=1
encoding_start=1563850903.632588
encoding_end=1563850903.633689  encoding_time=0.001101
decoding_start=1563850903.633726
decoding_end=1563850903.635250  decoding_time=0.001524  nb_received_symbols=1100  inefficiency_ratio=1.100000
eperf_tool: decoding ok
decoding_status=0
<end of output>
Test time =   0.02 sec
----------------------------------------------------------
Test Passed.
"Test.LDPC-SC.cr2.3.loss3" end time: Jul 23 11:01 CST
"Test.LDPC-SC.cr2.3.loss3" time elapsed: 00:00:00
----------------------------------------------------------

15/265 Testing: Test.LDPC-SC.cr1.2.loss4
15/265 Test: Test.LDPC-SC.cr1.2.loss4
Command: "/home/york/share/webrtc/openfec/openfec_v1.4.2/bin/Release/eperftool" "-codec=3" "-seed=1" "-tot_src=1000" "-tot_rep=1000" "-loss=4"
Directory: /home/york/share/webrtc/openfec/openfec_v1.4.2/build/tests
"Test.LDPC-SC.cr1.2.loss4" start time: Jul 23 11:01 CST
Output:
----------------------------------------------------------
/home/york/share/webrtc/openfec/openfec_v1.4.2/bin/Release/eperftooleperf_tool: an extended AL-FEC performance evaluation tool
OpenFEC.org - Version 1.4.2, December 16th, 2014

tot_nb_source_symbols=1000  tot_nb_repair_symbols=1000  symbol_size=1024  ldpc_N1=5  rs_m=8
codec_id=3
transmission_type=randomly_send_all_source_and_repair_symbols
of_compute_blocking_struct: B=25000, L=1024000, E=1024
		nb_blocks=1, I=0, A_large=1000, A_small=1000
prng seed=1
encoding_start=1563850903.653103
encoding_end=1563850903.654086  encoding_time=0.000983
decoding_start=1563850903.654125
decoding_end=1563850903.655982  decoding_time=0.001857  nb_received_symbols=1699  inefficiency_ratio=1.699000
eperf_tool: decoding ok
decoding_status=0
<end of output>
Test time =   0.02 sec
----------------------------------------------------------
Test Passed.
"Test.LDPC-SC.cr1.2.loss4" end time: Jul 23 11:01 CST
"Test.LDPC-SC.cr1.2.loss4" time elapsed: 00:00:00
----------------------------------------------------------

16/265 Testing: Test.LDPC-SC.cr3.4.tx4
16/265 Test: Test.LDPC-SC.cr3.4.tx4
Command: "/home/york/share/webrtc/openfec/openfec_v1.4.2/bin/Release/eperftool" "-codec=3" "-seed=1" "-tot_src=1500" "-tot_rep=500" "-tx_type=4"
Directory: /home/york/share/webrtc/openfec/openfec_v1.4.2/build/tests
"Test.LDPC-SC.cr3.4.tx4" start time: Jul 23 11:01 CST
Output:
----------------------------------------------------------
/home/york/share/webrtc/openfec/openfec_v1.4.2/bin/Release/eperftooleperf_tool: an extended AL-FEC performance evaluation tool
OpenFEC.org - Version 1.4.2, December 16th, 2014

tot_nb_source_symbols=1500  tot_nb_repair_symbols=500  symbol_size=1024  ldpc_N1=5  rs_m=8
codec_id=3
transmission_type=sequentially_send_all_src_symbols_first_then_repair_symbols
of_compute_blocking_struct: B=37500, L=1536000, E=1024
		nb_blocks=1, I=0, A_large=1500, A_small=1500
prng seed=1
encoding_start=1563850903.682473
encoding_end=1563850903.683786  encoding_time=0.001313
decoding_start=1563850903.683817
decoding_end=1563850903.684426  decoding_time=0.000609  nb_received_symbols=1500  inefficiency_ratio=1.000000
eperf_tool: decoding ok
decoding_status=0
<end of output>
Test time =   0.03 sec
----------------------------------------------------------
Test Passed.
"Test.LDPC-SC.cr3.4.tx4" end time: Jul 23 11:01 CST
"Test.LDPC-SC.cr3.4.tx4" time elapsed: 00:00:00
----------------------------------------------------------

17/265 Testing: Test.LDPC-SC.cr3.4.tx5
17/265 Test: Test.LDPC-SC.cr3.4.tx5
Command: "/home/york/share/webrtc/openfec/openfec_v1.4.2/bin/Release/eperftool" "-codec=3" "-seed=1" "-tot_src=1500" "-tot_rep=500" "-tx_type=5"
Directory: /home/york/share/webrtc/openfec/openfec_v1.4.2/build/tests
"Test.LDPC-SC.cr3.4.tx5" start time: Jul 23 11:01 CST
Output:
----------------------------------------------------------
/home/york/share/webrtc/openfec/openfec_v1.4.2/bin/Release/eperftooleperf_tool: an extended AL-FEC performance evaluation tool
OpenFEC.org - Version 1.4.2, December 16th, 2014

tot_nb_source_symbols=1500  tot_nb_repair_symbols=500  symbol_size=1024  ldpc_N1=5  rs_m=8
codec_id=3
transmission_type=sequentially_send_all_repair_symbols_first_then_src_symbols
of_compute_blocking_struct: B=37500, L=1536000, E=1024
		nb_blocks=1, I=0, A_large=1500, A_small=1500
prng seed=1
encoding_start=1563850903.713016
encoding_end=1563850903.714437  encoding_time=0.001421
decoding_start=1563850903.714498
decoding_end=1563850903.716025  decoding_time=0.001527  nb_received_symbols=1663  inefficiency_ratio=1.108667
eperf_tool: decoding ok
decoding_status=0
<end of output>
Test time =   0.03 sec
----------------------------------------------------------
Test Passed.
"Test.LDPC-SC.cr3.4.tx5" end time: Jul 23 11:01 CST
"Test.LDPC-SC.cr3.4.tx5" time elapsed: 00:00:00
----------------------------------------------------------

18/265 Testing: Test.LDPC-SC.cr3.4.tx6
18/265 Test: Test.LDPC-SC.cr3.4.tx6
Command: "/home/york/share/webrtc/openfec/openfec_v1.4.2/bin/Release/eperftool" "-codec=3" "-seed=1" "-tot_src=1500" "-tot_rep=500" "-tx_type=6"
Directory: /home/york/share/webrtc/openfec/openfec_v1.4.2/build/tests
"Test.LDPC-SC.cr3.4.tx6" start time: Jul 23 11:01 CST
Output:
----------------------------------------------------------
/home/york/share/webrtc/openfec/openfec_v1.4.2/bin/Release/eperftooleperf_tool: an extended AL-FEC performance evaluation tool
OpenFEC.org - Version 1.4.2, December 16th, 2014

tot_nb_source_symbols=1500  tot_nb_repair_symbols=500  symbol_size=1024  ldpc_N1=5  rs_m=8
codec_id=3
transmission_type=sequentially_send_all_src_symbols_first_then_randomly_src_symbols
of_compute_blocking_struct: B=37500, L=1536000, E=1024
		nb_blocks=1, I=0, A_large=1500, A_small=1500
prng seed=1
encoding_start=1563850903.740098
encoding_end=1563850903.741996  encoding_time=0.001898
decoding_start=1563850903.742108
decoding_end=1563850903.743121  decoding_time=0.001013  nb_received_symbols=1500  inefficiency_ratio=1.000000
eperf_tool: decoding ok
decoding_status=0
<end of output>
Test time =   0.03 sec
----------------------------------------------------------
Test Passed.
"Test.LDPC-SC.cr3.4.tx6" end time: Jul 23 11:01 CST
"Test.LDPC-SC.cr3.4.tx6" time elapsed: 00:00:00
----------------------------------------------------------

19/265 Testing: Test.LDPC-SC.cr3.4.tx7
19/265 Test: Test.LDPC-SC.cr3.4.tx7
Command: "/home/york/share/webrtc/openfec/openfec_v1.4.2/bin/Release/eperftool" "-codec=3" "-seed=1" "-tot_src=1500" "-tot_rep=500" "-tx_type=7"
Directory: /home/york/share/webrtc/openfec/openfec_v1.4.2/build/tests
"Test.LDPC-SC.cr3.4.tx7" start time: Jul 23 11:01 CST
Output:
----------------------------------------------------------
/home/york/share/webrtc/openfec/openfec_v1.4.2/bin/Release/eperftooleperf_tool: an extended AL-FEC performance evaluation tool
OpenFEC.org - Version 1.4.2, December 16th, 2014

tot_nb_source_symbols=1500  tot_nb_repair_symbols=500  symbol_size=1024  ldpc_N1=5  rs_m=8
codec_id=3
transmission_type=sequentially_send_all_repair_symbols_first_then_randomly_src_symbols
of_compute_blocking_struct: B=37500, L=1536000, E=1024
		nb_blocks=1, I=0, A_large=1500, A_small=1500
prng seed=1
encoding_start=1563850903.769242
encoding_end=1563850903.770564  encoding_time=0.001322
decoding_start=1563850903.770584
decoding_end=1563850903.772344  decoding_time=0.001760  nb_received_symbols=1666  inefficiency_ratio=1.110667
eperf_tool: decoding ok
decoding_status=0
<end of output>
Test time =   0.03 sec
----------------------------------------------------------
Test Passed.
"Test.LDPC-SC.cr3.4.tx7" end time: Jul 23 11:01 CST
"Test.LDPC-SC.cr3.4.tx7" time elapsed: 00:00:00
----------------------------------------------------------

20/265 Testing: Test.LDPC-SC.cr3.4.loss1
20/265 Test: Test.LDPC-SC.cr3.4.loss1
Command: "/home/york/share/webrtc/openfec/openfec_v1.4.2/bin/Release/eperftool" "-codec=3" "-seed=1" "-tot_src=1500" "-tot_rep=500" "-loss=2:24"
Directory: /home/york/share/webrtc/openfec/openfec_v1.4.2/build/tests
"Test.LDPC-SC.cr3.4.loss1" start time: Jul 23 11:01 CST
Output:
----------------------------------------------------------
/home/york/share/webrtc/openfec/openfec_v1.4.2/bin/Release/eperftooleperf_tool: an extended AL-FEC performance evaluation tool
OpenFEC.org - Version 1.4.2, December 16th, 2014

tot_nb_source_symbols=1500  tot_nb_repair_symbols=500  symbol_size=1024  ldpc_N1=5  rs_m=8
codec_id=3
transmission_type=randomly_send_all_source_and_repair_symbols
of_compute_blocking_struct: B=37500, L=1536000, E=1024
		nb_blocks=1, I=0, A_large=1500, A_small=1500
prng seed=1
encoding_start=1563850903.805603
encoding_end=1563850903.807271  encoding_time=0.001668
decoding_start=1563850903.807369
decoding_end=1563850903.810536  decoding_time=0.003167  nb_received_symbols=1520  inefficiency_ratio=1.013333
eperf_tool: decoding ok
decoding_status=0
<end of output>
Test time =   0.04 sec
----------------------------------------------------------
Test Passed.
"Test.LDPC-SC.cr3.4.loss1" end time: Jul 23 11:01 CST
"Test.LDPC-SC.cr3.4.loss1" time elapsed: 00:00:00
----------------------------------------------------------

21/265 Testing: Test.LDPC-SC.cr3.4.loss2
21/265 Test: Test.LDPC-SC.cr3.4.loss2
Command: "/home/york/share/webrtc/openfec/openfec_v1.4.2/bin/Release/eperftool" "-codec=3" "-seed=1" "-tot_src=1500" "-tot_rep=500" "-loss=3:480"
Directory: /home/york/share/webrtc/openfec/openfec_v1.4.2/build/tests
"Test.LDPC-SC.cr3.4.loss2" start time: Jul 23 11:01 CST
Output:
----------------------------------------------------------
/home/york/share/webrtc/openfec/openfec_v1.4.2/bin/Release/eperftooleperf_tool: an extended AL-FEC performance evaluation tool
OpenFEC.org - Version 1.4.2, December 16th, 2014

tot_nb_source_symbols=1500  tot_nb_repair_symbols=500  symbol_size=1024  ldpc_N1=5  rs_m=8
codec_id=3
transmission_type=randomly_send_all_source_and_repair_symbols
of_compute_blocking_struct: B=37500, L=1536000, E=1024
		nb_blocks=1, I=0, A_large=1500, A_small=1500
prng seed=1
encoding_start=1563850903.840035
encoding_end=1563850903.843079  encoding_time=0.003044
decoding_start=1563850903.843194
decoding_end=1563850903.846020  decoding_time=0.002826  nb_received_symbols=1520  inefficiency_ratio=1.013333
eperf_tool: decoding ok
decoding_status=0
<end of output>
Test time =   0.04 sec
----------------------------------------------------------
Test Passed.
"Test.LDPC-SC.cr3.4.loss2" end time: Jul 23 11:01 CST
"Test.LDPC-SC.cr3.4.loss2" time elapsed: 00:00:00
----------------------------------------------------------

22/265 Testing: Test.LDPC-SC.cr3.4.loss3
22/265 Test: Test.LDPC-SC.cr3.4.loss3
Command: "/home/york/share/webrtc/openfec/openfec_v1.4.2/bin/Release/eperftool" "-codec=3" "-seed=1" "-tot_src=1500" "-tot_rep=500" "-loss=1"
Directory: /home/york/share/webrtc/openfec/openfec_v1.4.2/build/tests
"Test.LDPC-SC.cr3.4.loss3" start time: Jul 23 11:01 CST
Output:
----------------------------------------------------------
/home/york/share/webrtc/openfec/openfec_v1.4.2/bin/Release/eperftooleperf_tool: an extended AL-FEC performance evaluation tool
OpenFEC.org - Version 1.4.2, December 16th, 2014

tot_nb_source_symbols=1500  tot_nb_repair_symbols=500  symbol_size=1024  ldpc_N1=5  rs_m=8
codec_id=3
transmission_type=randomly_send_all_source_and_repair_symbols
of_compute_blocking_struct: B=37500, L=1536000, E=1024
		nb_blocks=1, I=0, A_large=1500, A_small=1500
prng seed=1
encoding_start=1563850903.875838
encoding_end=1563850903.877119  encoding_time=0.001281
decoding_start=1563850903.877151
decoding_end=1563850903.879048  decoding_time=0.001897  nb_received_symbols=1618  inefficiency_ratio=1.078667
eperf_tool: decoding ok
decoding_status=0
<end of output>
Test time =   0.03 sec
----------------------------------------------------------
Test Passed.
"Test.LDPC-SC.cr3.4.loss3" end time: Jul 23 11:01 CST
"Test.LDPC-SC.cr3.4.loss3" time elapsed: 00:00:00
----------------------------------------------------------

23/265 Testing: Test.LDPC-SC.cr3.4.loss4
23/265 Test: Test.LDPC-SC.cr3.4.loss4
Command: "/home/york/share/webrtc/openfec/openfec_v1.4.2/bin/Release/eperftool" "-codec=3" "-seed=1" "-tot_src=1500" "-tot_rep=1000" "-loss=4"
Directory: /home/york/share/webrtc/openfec/openfec_v1.4.2/build/tests
"Test.LDPC-SC.cr3.4.loss4" start time: Jul 23 11:01 CST
Output:
----------------------------------------------------------
/home/york/share/webrtc/openfec/openfec_v1.4.2/bin/Release/eperftooleperf_tool: an extended AL-FEC performance evaluation tool
OpenFEC.org - Version 1.4.2, December 16th, 2014

tot_nb_source_symbols=1500  tot_nb_repair_symbols=1000  symbol_size=1024  ldpc_N1=5  rs_m=8
codec_id=3
transmission_type=randomly_send_all_source_and_repair_symbols
of_compute_blocking_struct: B=30000, L=1536000, E=1024
		nb_blocks=1, I=0, A_large=1500, A_small=1500
prng seed=1
encoding_start=1563850903.909814
encoding_end=1563850903.911263  encoding_time=0.001449
decoding_start=1563850903.911301
decoding_end=1563850903.916111  decoding_time=0.004810  nb_received_symbols=2500  inefficiency_ratio=1.666667
eperf_tool: decoding ok
decoding_status=0
<end of output>
Test time =   0.04 sec
----------------------------------------------------------
Test Passed.
"Test.LDPC-SC.cr3.4.loss4" end time: Jul 23 11:01 CST
"Test.LDPC-SC.cr3.4.loss4" time elapsed: 00:00:00
----------------------------------------------------------

24/265 Testing: Test.LDPC-SC.cr2.3.small.IT
24/265 Test: Test.LDPC-SC.cr2.3.small.IT
Command: "/home/york/share/webrtc/openfec/openfec_v1.4.2/bin/Release/eperftool" "-codec=3" "-seed=1" "-tot_src=100" "-tot_rep=50"
Directory: /home/york/share/webrtc/openfec/openfec_v1.4.2/build/tests
"Test.LDPC-SC.cr2.3.small.IT" start time: Jul 23 11:01 CST
Output:
----------------------------------------------------------
/home/york/share/webrtc/openfec/openfec_v1.4.2/bin/Release/eperftooleperf_tool: an extended AL-FEC performance evaluation tool
OpenFEC.org - Version 1.4.2, December 16th, 2014

tot_nb_source_symbols=100  tot_nb_repair_symbols=50  symbol_size=1024  ldpc_N1=5  rs_m=8
codec_id=3
transmission_type=randomly_send_all_source_and_repair_symbols
of_compute_blocking_struct: B=33333, L=102400, E=1024
		nb_blocks=1, I=0, A_large=100, A_small=100
prng seed=1
encoding_start=1563850903.920157
encoding_end=1563850903.920239  encoding_time=0.000082
decoding_start=1563850903.920251
decoding_end=1563850903.920432  decoding_time=0.000181  nb_received_symbols=119  inefficiency_ratio=1.190000
eperf_tool: decoding ok
decoding_status=0
<end of output>
Test time =   0.00 sec
----------------------------------------------------------
Test Passed.
"Test.LDPC-SC.cr2.3.small.IT" end time: Jul 23 11:01 CST
"Test.LDPC-SC.cr2.3.small.IT" time elapsed: 00:00:00
----------------------------------------------------------

25/265 Testing: Test.LDPC-SC.cr1.2.small.IT
25/265 Test: Test.LDPC-SC.cr1.2.small.IT
Command: "/home/york/share/webrtc/openfec/openfec_v1.4.2/bin/Release/eperftool" "-codec=3" "-seed=1" "-tot_src=100" "-tot_rep=100"
Directory: /home/york/share/webrtc/openfec/openfec_v1.4.2/build/tests
"Test.LDPC-SC.cr1.2.small.IT" start time: Jul 23 11:01 CST
Output:
----------------------------------------------------------
/home/york/share/webrtc/openfec/openfec_v1.4.2/bin/Release/eperftooleperf_tool: an extended AL-FEC performance evaluation tool
OpenFEC.org - Version 1.4.2, December 16th, 2014

tot_nb_source_symbols=100  tot_nb_repair_symbols=100  symbol_size=1024  ldpc_N1=5  rs_m=8
codec_id=3
transmission_type=randomly_send_all_source_and_repair_symbols
of_compute_blocking_struct: B=25000, L=102400, E=1024
		nb_blocks=1, I=0, A_large=100, A_small=100
prng seed=1
encoding_start=1563850903.923624
encoding_end=1563850903.923764  encoding_time=0.000140
decoding_start=1563850903.923786
decoding_end=1563850903.923951  decoding_time=0.000165  nb_received_symbols=117  inefficiency_ratio=1.170000
eperf_tool: decoding ok
decoding_status=0
<end of output>
Test time =   0.00 sec
----------------------------------------------------------
Test Passed.
"Test.LDPC-SC.cr1.2.small.IT" end time: Jul 23 11:01 CST
"Test.LDPC-SC.cr1.2.small.IT" time elapsed: 00:00:00
----------------------------------------------------------

26/265 Testing: Test.LDPC-SC.cr1.3.small.IT
26/265 Test: Test.LDPC-SC.cr1.3.small.IT
Command: "/home/york/share/webrtc/openfec/openfec_v1.4.2/bin/Release/eperftool" "-codec=3" "-seed=1" "-tot_src=100" "-tot_rep=200"
Directory: /home/york/share/webrtc/openfec/openfec_v1.4.2/build/tests
"Test.LDPC-SC.cr1.3.small.IT" start time: Jul 23 11:01 CST
Output:
----------------------------------------------------------
/home/york/share/webrtc/openfec/openfec_v1.4.2/bin/Release/eperftooleperf_tool: an extended AL-FEC performance evaluation tool
OpenFEC.org - Version 1.4.2, December 16th, 2014

tot_nb_source_symbols=100  tot_nb_repair_symbols=200  symbol_size=1024  ldpc_N1=5  rs_m=8
codec_id=3
transmission_type=randomly_send_all_source_and_repair_symbols
of_compute_blocking_struct: B=16666, L=102400, E=1024
		nb_blocks=1, I=0, A_large=100, A_small=100
prng seed=1
encoding_start=1563850903.927297
encoding_end=1563850903.927396  encoding_time=0.000099
decoding_start=1563850903.927409
decoding_end=1563850903.927677  decoding_time=0.000268  nb_received_symbols=121  inefficiency_ratio=1.210000
eperf_tool: decoding ok
decoding_status=0
<end of output>
Test time =   0.00 sec
----------------------------------------------------------
Test Passed.
"Test.LDPC-SC.cr1.3.small.IT" end time: Jul 23 11:01 CST
"Test.LDPC-SC.cr1.3.small.IT" time elapsed: 00:00:00
----------------------------------------------------------

27/265 Testing: Test.LDPC-SC.cr1.4.small.IT
27/265 Test: Test.LDPC-SC.cr1.4.small.IT
Command: "/home/york/share/webrtc/openfec/openfec_v1.4.2/bin/Release/eperftool" "-codec=3" "-seed=1" "-tot_src=100" "-tot_rep=300"
Directory: /home/york/share/webrtc/openfec/openfec_v1.4.2/build/tests
"Test.LDPC-SC.cr1.4.small.IT" start time: Jul 23 11:01 CST
Output:
----------------------------------------------------------
/home/york/share/webrtc/openfec/openfec_v1.4.2/bin/Release/eperftooleperf_tool: an extended AL-FEC performance evaluation tool
OpenFEC.org - Version 1.4.2, December 16th, 2014

tot_nb_source_symbols=100  tot_nb_repair_symbols=300  symbol_size=1024  ldpc_N1=5  rs_m=8
codec_id=3
transmission_type=randomly_send_all_source_and_repair_symbols
of_compute_blocking_struct: B=12500, L=102400, E=1024
		nb_blocks=1, I=0, A_large=100, A_small=100
prng seed=1
encoding_start=1563850903.931269
encoding_end=1563850903.931446  encoding_time=0.000177
decoding_start=1563850903.931470
decoding_end=1563850903.931876  decoding_time=0.000406  nb_received_symbols=136  inefficiency_ratio=1.360000
eperf_tool: decoding ok
decoding_status=0
<end of output>
Test time =   0.00 sec
----------------------------------------------------------
Test Passed.
"Test.LDPC-SC.cr1.4.small.IT" end time: Jul 23 11:01 CST
"Test.LDPC-SC.cr1.4.small.IT" time elapsed: 00:00:00
----------------------------------------------------------

28/265 Testing: Test.LDPC-SC.cr1.5.small.IT
28/265 Test: Test.LDPC-SC.cr1.5.small.IT
Command: "/home/york/share/webrtc/openfec/openfec_v1.4.2/bin/Release/eperftool" "-codec=3" "-seed=1" "-tot_src=100" "-tot_rep=400"
Directory: /home/york/share/webrtc/openfec/openfec_v1.4.2/build/tests
"Test.LDPC-SC.cr1.5.small.IT" start time: Jul 23 11:01 CST
Output:
----------------------------------------------------------
/home/york/share/webrtc/openfec/openfec_v1.4.2/bin/Release/eperftooleperf_tool: an extended AL-FEC performance evaluation tool
OpenFEC.org - Version 1.4.2, December 16th, 2014

tot_nb_source_symbols=100  tot_nb_repair_symbols=400  symbol_size=1024  ldpc_N1=5  rs_m=8
codec_id=3
transmission_type=randomly_send_all_source_and_repair_symbols
of_compute_blocking_struct: B=10000, L=102400, E=1024
		nb_blocks=1, I=0, A_large=100, A_small=100
prng seed=1
encoding_start=1563850903.935802
encoding_end=1563850903.936002  encoding_time=0.000200
decoding_start=1563850903.936069
decoding_end=1563850903.936583  decoding_time=0.000514  nb_received_symbols=130  inefficiency_ratio=1.300000
eperf_tool: decoding ok
decoding_status=0
<end of output>
Test time =   0.00 sec
----------------------------------------------------------
Test Passed.
"Test.LDPC-SC.cr1.5.small.IT" end time: Jul 23 11:01 CST
"Test.LDPC-SC.cr1.5.small.IT" time elapsed: 00:00:00
----------------------------------------------------------

29/265 Testing: Test.LDPC-SC.cr3.4.med.IT
29/265 Test: Test.LDPC-SC.cr3.4.med.IT
Command: "/home/york/share/webrtc/openfec/openfec_v1.4.2/bin/Release/eperftool" "-codec=3" "-seed=1" "-tot_src=1000" "-tot_rep=500"
Directory: /home/york/share/webrtc/openfec/openfec_v1.4.2/build/tests
"Test.LDPC-SC.cr3.4.med.IT" start time: Jul 23 11:01 CST
Output:
----------------------------------------------------------
/home/york/share/webrtc/openfec/openfec_v1.4.2/bin/Release/eperftooleperf_tool: an extended AL-FEC performance evaluation tool
OpenFEC.org - Version 1.4.2, December 16th, 2014

tot_nb_source_symbols=1000  tot_nb_repair_symbols=500  symbol_size=1024  ldpc_N1=5  rs_m=8
codec_id=3
transmission_type=randomly_send_all_source_and_repair_symbols
of_compute_blocking_struct: B=33333, L=1024000, E=1024
		nb_blocks=1, I=0, A_large=1000, A_small=1000
prng seed=1
encoding_start=1563850903.964395
encoding_end=1563850903.965257  encoding_time=0.000862
decoding_start=1563850903.965280
decoding_end=1563850903.966479  decoding_time=0.001199  nb_received_symbols=1097  inefficiency_ratio=1.097000
eperf_tool: decoding ok
decoding_status=0
<end of output>
Test time =   0.03 sec
----------------------------------------------------------
Test Passed.
"Test.LDPC-SC.cr3.4.med.IT" end time: Jul 23 11:01 CST
"Test.LDPC-SC.cr3.4.med.IT" time elapsed: 00:00:00
----------------------------------------------------------

30/265 Testing: Test.LDPC-SC.cr1.2.med.IT
30/265 Test: Test.LDPC-SC.cr1.2.med.IT
Command: "/home/york/share/webrtc/openfec/openfec_v1.4.2/bin/Release/eperftool" "-codec=3" "-seed=1" "-tot_src=1000" "-tot_rep=1000"
Directory: /home/york/share/webrtc/openfec/openfec_v1.4.2/build/tests
"Test.LDPC-SC.cr1.2.med.IT" start time: Jul 23 11:01 CST
Output:
----------------------------------------------------------
/home/york/share/webrtc/openfec/openfec_v1.4.2/bin/Release/eperftooleperf_tool: an extended AL-FEC performance evaluation tool
OpenFEC.org - Version 1.4.2, December 16th, 2014

tot_nb_source_symbols=1000  tot_nb_repair_symbols=1000  symbol_size=1024  ldpc_N1=5  rs_m=8
codec_id=3
transmission_type=randomly_send_all_source_and_repair_symbols
of_compute_blocking_struct: B=25000, L=1024000, E=1024
		nb_blocks=1, I=0, A_large=1000, A_small=1000
prng seed=1
encoding_start=1563850903.984813
encoding_end=1563850903.985773  encoding_time=0.000960
decoding_start=1563850903.985810
decoding_end=1563850903.987895  decoding_time=0.002085  nb_received_symbols=1130  inefficiency_ratio=1.130000
eperf_tool: decoding ok
decoding_status=0
<end of output>
Test time =   0.02 sec
----------------------------------------------------------
Test Passed.
"Test.LDPC-SC.cr1.2.med.IT" end time: Jul 23 11:01 CST
"Test.LDPC-SC.cr1.2.med.IT" time elapsed: 00:00:00
----------------------------------------------------------

31/265 Testing: Test.LDPC-SC.cr1.3.med.IT
31/265 Test: Test.LDPC-SC.cr1.3.med.IT
Command: "/home/york/share/webrtc/openfec/openfec_v1.4.2/bin/Release/eperftool" "-codec=3" "-seed=1" "-tot_src=1000" "-tot_rep=2000"
Directory: /home/york/share/webrtc/openfec/openfec_v1.4.2/build/tests
"Test.LDPC-SC.cr1.3.med.IT" start time: Jul 23 11:01 CST
Output:
----------------------------------------------------------
/home/york/share/webrtc/openfec/openfec_v1.4.2/bin/Release/eperftooleperf_tool: an extended AL-FEC performance evaluation tool
OpenFEC.org - Version 1.4.2, December 16th, 2014

tot_nb_source_symbols=1000  tot_nb_repair_symbols=2000  symbol_size=1024  ldpc_N1=5  rs_m=8
codec_id=3
transmission_type=randomly_send_all_source_and_repair_symbols
of_compute_blocking_struct: B=16666, L=1024000, E=1024
		nb_blocks=1, I=0, A_large=1000, A_small=1000
prng seed=1
encoding_start=1563850904.7402
encoding_end=1563850904.9126  encoding_time=0.001724
decoding_start=1563850904.9212
decoding_end=1563850904.13123  decoding_time=0.003911  nb_received_symbols=1194  inefficiency_ratio=1.194000
eperf_tool: decoding ok
decoding_status=0
<end of output>
Test time =   0.03 sec
----------------------------------------------------------
Test Passed.
"Test.LDPC-SC.cr1.3.med.IT" end time: Jul 23 11:01 CST
"Test.LDPC-SC.cr1.3.med.IT" time elapsed: 00:00:00
----------------------------------------------------------

32/265 Testing: Test.LDPC-SC.src1.IT
32/265 Test: Test.LDPC-SC.src1.IT
Command: "/home/york/share/webrtc/openfec/openfec_v1.4.2/bin/Release/eperftool" "-codec=3" "-seed=1" "-tot_src=1" "-tot_rep=23"
Directory: /home/york/share/webrtc/openfec/openfec_v1.4.2/build/tests
"Test.LDPC-SC.src1.IT" start time: Jul 23 11:01 CST
Output:
----------------------------------------------------------
/home/york/share/webrtc/openfec/openfec_v1.4.2/bin/Release/eperftooleperf_tool: an extended AL-FEC performance evaluation tool
OpenFEC.org - Version 1.4.2, December 16th, 2014

tot_nb_source_symbols=1  tot_nb_repair_symbols=23  symbol_size=1024  ldpc_N1=5  rs_m=8
codec_id=3
transmission_type=randomly_send_all_source_and_repair_symbols
of_compute_blocking_struct: B=2083, L=1024, E=1024
		nb_blocks=1, I=0, A_large=1, A_small=1
prng seed=1
encoding_start=1563850904.15701
encoding_end=1563850904.15736  encoding_time=0.000035
decoding_start=1563850904.15749
decoding_end=1563850904.15768  decoding_time=0.000019  nb_received_symbols=4  inefficiency_ratio=4.000000
eperf_tool: decoding ok
decoding_status=0
<end of output>
Test time =   0.00 sec
----------------------------------------------------------
Test Passed.
"Test.LDPC-SC.src1.IT" end time: Jul 23 11:01 CST
"Test.LDPC-SC.src1.IT" time elapsed: 00:00:00
----------------------------------------------------------

33/265 Testing: Test.LDPC-SC.src2.IT
33/265 Test: Test.LDPC-SC.src2.IT
Command: "/home/york/share/webrtc/openfec/openfec_v1.4.2/bin/Release/eperftool" "-codec=3" "-seed=1" "-tot_src=2" "-tot_rep=23"
Directory: /home/york/share/webrtc/openfec/openfec_v1.4.2/build/tests
"Test.LDPC-SC.src2.IT" start time: Jul 23 11:01 CST
Output:
----------------------------------------------------------
/home/york/share/webrtc/openfec/openfec_v1.4.2/bin/Release/eperftooleperf_tool: an extended AL-FEC performance evaluation tool
OpenFEC.org - Version 1.4.2, December 16th, 2014

tot_nb_source_symbols=2  tot_nb_repair_symbols=23  symbol_size=1024  ldpc_N1=5  rs_m=8
codec_id=3
transmission_type=randomly_send_all_source_and_repair_symbols
of_compute_blocking_struct: B=4000, L=2048, E=1024
		nb_blocks=1, I=0, A_large=2, A_small=2
prng seed=1
encoding_start=1563850904.17160
encoding_end=1563850904.17197  encoding_time=0.000037
decoding_start=1563850904.17218
decoding_end=1563850904.17238  decoding_time=0.000020  nb_received_symbols=5  inefficiency_ratio=2.500000
eperf_tool: decoding ok
decoding_status=0
<end of output>
Test time =   0.00 sec
----------------------------------------------------------
Test Passed.
"Test.LDPC-SC.src2.IT" end time: Jul 23 11:01 CST
"Test.LDPC-SC.src2.IT" time elapsed: 00:00:00
----------------------------------------------------------

34/265 Testing: Test.LDPC-SC.src3.IT
34/265 Test: Test.LDPC-SC.src3.IT
Command: "/home/york/share/webrtc/openfec/openfec_v1.4.2/bin/Release/eperftool" "-codec=3" "-seed=1" "-tot_src=3" "-tot_rep=23"
Directory: /home/york/share/webrtc/openfec/openfec_v1.4.2/build/tests
"Test.LDPC-SC.src3.IT" start time: Jul 23 11:01 CST
Output:
----------------------------------------------------------
/home/york/share/webrtc/openfec/openfec_v1.4.2/bin/Release/eperftooleperf_tool: an extended AL-FEC performance evaluation tool
OpenFEC.org - Version 1.4.2, December 16th, 2014

tot_nb_source_symbols=3  tot_nb_repair_symbols=23  symbol_size=1024  ldpc_N1=5  rs_m=8
codec_id=3
transmission_type=randomly_send_all_source_and_repair_symbols
of_compute_blocking_struct: B=5769, L=3072, E=1024
		nb_blocks=1, I=0, A_large=3, A_small=3
prng seed=1
encoding_start=1563850904.18638
encoding_end=1563850904.18676  encoding_time=0.000038
decoding_start=1563850904.18686
decoding_end=1563850904.18714  decoding_time=0.000028  nb_received_symbols=10  inefficiency_ratio=3.333333
eperf_tool: decoding ok
decoding_status=0
<end of output>
Test time =   0.00 sec
----------------------------------------------------------
Test Passed.
"Test.LDPC-SC.src3.IT" end time: Jul 23 11:01 CST
"Test.LDPC-SC.src3.IT" time elapsed: 00:00:00
----------------------------------------------------------

35/265 Testing: Test.LDPC-SC.src4.IT
35/265 Test: Test.LDPC-SC.src4.IT
Command: "/home/york/share/webrtc/openfec/openfec_v1.4.2/bin/Release/eperftool" "-codec=3" "-seed=1" "-tot_src=4" "-tot_rep=23"
Directory: /home/york/share/webrtc/openfec/openfec_v1.4.2/build/tests
"Test.LDPC-SC.src4.IT" start time: Jul 23 11:01 CST
Output:
----------------------------------------------------------
/home/york/share/webrtc/openfec/openfec_v1.4.2/bin/Release/eperftooleperf_tool: an extended AL-FEC performance evaluation tool
OpenFEC.org - Version 1.4.2, December 16th, 2014

tot_nb_source_symbols=4  tot_nb_repair_symbols=23  symbol_size=1024  ldpc_N1=5  rs_m=8
codec_id=3
transmission_type=randomly_send_all_source_and_repair_symbols
of_compute_blocking_struct: B=7407, L=4096, E=1024
		nb_blocks=1, I=0, A_large=4, A_small=4
prng seed=1
encoding_start=1563850904.20825
encoding_end=1563850904.20917  encoding_time=0.000092
decoding_start=1563850904.20957
decoding_end=1563850904.21045  decoding_time=0.000088  nb_received_symbols=7  inefficiency_ratio=1.750000
eperf_tool: decoding ok
decoding_status=0
<end of output>
Test time =   0.00 sec
----------------------------------------------------------
Test Passed.
"Test.LDPC-SC.src4.IT" end time: Jul 23 11:01 CST
"Test.LDPC-SC.src4.IT" time elapsed: 00:00:00
----------------------------------------------------------

36/265 Testing: Test.LDPC-SC.src5.IT
36/265 Test: Test.LDPC-SC.src5.IT
Command: "/home/york/share/webrtc/openfec/openfec_v1.4.2/bin/Release/eperftool" "-codec=3" "-seed=1" "-tot_src=5" "-tot_rep=23"
Directory: /home/york/share/webrtc/openfec/openfec_v1.4.2/build/tests
"Test.LDPC-SC.src5.IT" start time: Jul 23 11:01 CST
Output:
----------------------------------------------------------
/home/york/share/webrtc/openfec/openfec_v1.4.2/bin/Release/eperftooleperf_tool: an extended AL-FEC performance evaluation tool
OpenFEC.org - Version 1.4.2, December 16th, 2014

tot_nb_source_symbols=5  tot_nb_repair_symbols=23  symbol_size=1024  ldpc_N1=5  rs_m=8
codec_id=3
transmission_type=randomly_send_all_source_and_repair_symbols
of_compute_blocking_struct: B=8928, L=5120, E=1024
		nb_blocks=1, I=0, A_large=5, A_small=5
prng seed=1
encoding_start=1563850904.22508
encoding_end=1563850904.22545  encoding_time=0.000037
decoding_start=1563850904.22556
decoding_end=1563850904.22587  decoding_time=0.000031  nb_received_symbols=10  inefficiency_ratio=2.000000
eperf_tool: decoding ok
decoding_status=0
<end of output>
Test time =   0.00 sec
----------------------------------------------------------
Test Passed.
"Test.LDPC-SC.src5.IT" end time: Jul 23 11:01 CST
"Test.LDPC-SC.src5.IT" time elapsed: 00:00:00
----------------------------------------------------------

37/265 Testing: Test.LDPC-SC.src6.IT
37/265 Test: Test.LDPC-SC.src6.IT
Command: "/home/york/share/webrtc/openfec/openfec_v1.4.2/bin/Release/eperftool" "-codec=3" "-seed=1" "-tot_src=6" "-tot_rep=23"
Directory: /home/york/share/webrtc/openfec/openfec_v1.4.2/build/tests
"Test.LDPC-SC.src6.IT" start time: Jul 23 11:01 CST
Output:
----------------------------------------------------------
/home/york/share/webrtc/openfec/openfec_v1.4.2/bin/Release/eperftooleperf_tool: an extended AL-FEC performance evaluation tool
OpenFEC.org - Version 1.4.2, December 16th, 2014

tot_nb_source_symbols=6  tot_nb_repair_symbols=23  symbol_size=1024  ldpc_N1=5  rs_m=8
codec_id=3
transmission_type=randomly_send_all_source_and_repair_symbols
of_compute_blocking_struct: B=10344, L=6144, E=1024
		nb_blocks=1, I=0, A_large=6, A_small=6
prng seed=1
encoding_start=1563850904.24405
encoding_end=1563850904.24453  encoding_time=0.000048
decoding_start=1563850904.24470
decoding_end=1563850904.24523  decoding_time=0.000053  nb_received_symbols=11  inefficiency_ratio=1.833333
eperf_tool: decoding ok
decoding_status=0
<end of output>
Test time =   0.00 sec
----------------------------------------------------------
Test Passed.
"Test.LDPC-SC.src6.IT" end time: Jul 23 11:01 CST
"Test.LDPC-SC.src6.IT" time elapsed: 00:00:00
----------------------------------------------------------

38/265 Testing: Test.LDPC-SC.src7.IT
38/265 Test: Test.LDPC-SC.src7.IT
Command: "/home/york/share/webrtc/openfec/openfec_v1.4.2/bin/Release/eperftool" "-codec=3" "-seed=1" "-tot_src=7" "-tot_rep=23"
Directory: /home/york/share/webrtc/openfec/openfec_v1.4.2/build/tests
"Test.LDPC-SC.src7.IT" start time: Jul 23 11:01 CST
Output:
----------------------------------------------------------
/home/york/share/webrtc/openfec/openfec_v1.4.2/bin/Release/eperftooleperf_tool: an extended AL-FEC performance evaluation tool
OpenFEC.org - Version 1.4.2, December 16th, 2014

tot_nb_source_symbols=7  tot_nb_repair_symbols=23  symbol_size=1024  ldpc_N1=5  rs_m=8
codec_id=3
transmission_type=randomly_send_all_source_and_repair_symbols
of_compute_blocking_struct: B=11666, L=7168, E=1024
		nb_blocks=1, I=0, A_large=7, A_small=7
prng seed=1
encoding_start=1563850904.27417
encoding_end=1563850904.27518  encoding_time=0.000101
decoding_start=1563850904.27539
decoding_end=1563850904.27612  decoding_time=0.000073  nb_received_symbols=11  inefficiency_ratio=1.571429
eperf_tool: decoding ok
decoding_status=0
<end of output>
Test time =   0.00 sec
----------------------------------------------------------
Test Passed.
"Test.LDPC-SC.src7.IT" end time: Jul 23 11:01 CST
"Test.LDPC-SC.src7.IT" time elapsed: 00:00:00
----------------------------------------------------------

39/265 Testing: Test.LDPC-SC.src8.IT
39/265 Test: Test.LDPC-SC.src8.IT
Command: "/home/york/share/webrtc/openfec/openfec_v1.4.2/bin/Release/eperftool" "-codec=3" "-seed=1" "-tot_src=8" "-tot_rep=23"
Directory: /home/york/share/webrtc/openfec/openfec_v1.4.2/build/tests
"Test.LDPC-SC.src8.IT" start time: Jul 23 11:01 CST
Output:
----------------------------------------------------------
/home/york/share/webrtc/openfec/openfec_v1.4.2/bin/Release/eperftooleperf_tool: an extended AL-FEC performance evaluation tool
OpenFEC.org - Version 1.4.2, December 16th, 2014

tot_nb_source_symbols=8  tot_nb_repair_symbols=23  symbol_size=1024  ldpc_N1=5  rs_m=8
codec_id=3
transmission_type=randomly_send_all_source_and_repair_symbols
of_compute_blocking_struct: B=12903, L=8192, E=1024
		nb_blocks=1, I=0, A_large=8, A_small=8
prng seed=1
encoding_start=1563850904.30421
encoding_end=1563850904.30550  encoding_time=0.000129
decoding_start=1563850904.30577
decoding_end=1563850904.30706  decoding_time=0.000129  nb_received_symbols=14  inefficiency_ratio=1.750000
eperf_tool: decoding ok
decoding_status=0
<end of output>
Test time =   0.00 sec
----------------------------------------------------------
Test Passed.
"Test.LDPC-SC.src8.IT" end time: Jul 23 11:01 CST
"Test.LDPC-SC.src8.IT" time elapsed: 00:00:00
----------------------------------------------------------

40/265 Testing: Test.LDPC-SC.src9.IT
40/265 Test: Test.LDPC-SC.src9.IT
Command: "/home/york/share/webrtc/openfec/openfec_v1.4.2/bin/Release/eperftool" "-codec=3" "-seed=1" "-tot_src=9" "-tot_rep=23"
Directory: /home/york/share/webrtc/openfec/openfec_v1.4.2/build/tests
"Test.LDPC-SC.src9.IT" start time: Jul 23 11:01 CST
Output:
----------------------------------------------------------
/home/york/share/webrtc/openfec/openfec_v1.4.2/bin/Release/eperftooleperf_tool: an extended AL-FEC performance evaluation tool
OpenFEC.org - Version 1.4.2, December 16th, 2014

tot_nb_source_symbols=9  tot_nb_repair_symbols=23  symbol_size=1024  ldpc_N1=5  rs_m=8
codec_id=3
transmission_type=randomly_send_all_source_and_repair_symbols
of_compute_blocking_struct: B=14062, L=9216, E=1024
		nb_blocks=1, I=0, A_large=9, A_small=9
prng seed=1
encoding_start=1563850904.33740
encoding_end=1563850904.33811  encoding_time=0.000071
decoding_start=1563850904.33826
decoding_end=1563850904.33909  decoding_time=0.000083  nb_received_symbols=14  inefficiency_ratio=1.555556
eperf_tool: decoding ok
decoding_status=0
<end of output>
Test time =   0.00 sec
----------------------------------------------------------
Test Passed.
"Test.LDPC-SC.src9.IT" end time: Jul 23 11:01 CST
"Test.LDPC-SC.src9.IT" time elapsed: 00:00:00
----------------------------------------------------------

41/265 Testing: Test.LDPC-SC.src10.IT
41/265 Test: Test.LDPC-SC.src10.IT
Command: "/home/york/share/webrtc/openfec/openfec_v1.4.2/bin/Release/eperftool" "-codec=3" "-seed=1" "-tot_src=10" "-tot_rep=23"
Directory: /home/york/share/webrtc/openfec/openfec_v1.4.2/build/tests
"Test.LDPC-SC.src10.IT" start time: Jul 23 11:01 CST
Output:
----------------------------------------------------------
/home/york/share/webrtc/openfec/openfec_v1.4.2/bin/Release/eperftooleperf_tool: an extended AL-FEC performance evaluation tool
OpenFEC.org - Version 1.4.2, December 16th, 2014

tot_nb_source_symbols=10  tot_nb_repair_symbols=23  symbol_size=1024  ldpc_N1=5  rs_m=8
codec_id=3
transmission_type=randomly_send_all_source_and_repair_symbols
of_compute_blocking_struct: B=15151, L=10240, E=1024
		nb_blocks=1, I=0, A_large=10, A_small=10
prng seed=1
encoding_start=1563850904.37343
encoding_end=1563850904.37412  encoding_time=0.000069
decoding_start=1563850904.37436
decoding_end=1563850904.37510  decoding_time=0.000074  nb_received_symbols=13  inefficiency_ratio=1.300000
eperf_tool: decoding ok
decoding_status=0
<end of output>
Test time =   0.00 sec
----------------------------------------------------------
Test Passed.
"Test.LDPC-SC.src10.IT" end time: Jul 23 11:01 CST
"Test.LDPC-SC.src10.IT" time elapsed: 00:00:00
----------------------------------------------------------

42/265 Testing: Test.LDPC-SC.src11.IT
42/265 Test: Test.LDPC-SC.src11.IT
Command: "/home/york/share/webrtc/openfec/openfec_v1.4.2/bin/Release/eperftool" "-codec=3" "-seed=1" "-tot_src=11" "-tot_rep=23"
Directory: /home/york/share/webrtc/openfec/openfec_v1.4.2/build/tests
"Test.LDPC-SC.src11.IT" start time: Jul 23 11:01 CST
Output:
----------------------------------------------------------
/home/york/share/webrtc/openfec/openfec_v1.4.2/bin/Release/eperftooleperf_tool: an extended AL-FEC performance evaluation tool
OpenFEC.org - Version 1.4.2, December 16th, 2014

tot_nb_source_symbols=11  tot_nb_repair_symbols=23  symbol_size=1024  ldpc_N1=5  rs_m=8
codec_id=3
transmission_type=randomly_send_all_source_and_repair_symbols
of_compute_blocking_struct: B=16176, L=11264, E=1024
		nb_blocks=1, I=0, A_large=11, A_small=11
prng seed=1
encoding_start=1563850904.40831
encoding_end=1563850904.40921  encoding_time=0.000090
decoding_start=1563850904.40927
decoding_end=1563850904.41004  decoding_time=0.000077  nb_received_symbols=15  inefficiency_ratio=1.363636
eperf_tool: decoding ok
decoding_status=0
<end of output>
Test time =   0.00 sec
----------------------------------------------------------
Test Passed.
"Test.LDPC-SC.src11.IT" end time: Jul 23 11:01 CST
"Test.LDPC-SC.src11.IT" time elapsed: 00:00:00
----------------------------------------------------------

43/265 Testing: Test.LDPC-SC.src12.IT
43/265 Test: Test.LDPC-SC.src12.IT
Command: "/home/york/share/webrtc/openfec/openfec_v1.4.2/bin/Release/eperftool" "-codec=3" "-seed=1" "-tot_src=12" "-tot_rep=23"
Directory: /home/york/share/webrtc/openfec/openfec_v1.4.2/build/tests
"Test.LDPC-SC.src12.IT" start time: Jul 23 11:01 CST
Output:
----------------------------------------------------------
/home/york/share/webrtc/openfec/openfec_v1.4.2/bin/Release/eperftooleperf_tool: an extended AL-FEC performance evaluation tool
OpenFEC.org - Version 1.4.2, December 16th, 2014

tot_nb_source_symbols=12  tot_nb_repair_symbols=23  symbol_size=1024  ldpc_N1=5  rs_m=8
codec_id=3
transmission_type=randomly_send_all_source_and_repair_symbols
of_compute_blocking_struct: B=17142, L=12288, E=1024
		nb_blocks=1, I=0, A_large=12, A_small=12
prng seed=1
encoding_start=1563850904.44311
encoding_end=1563850904.44390  encoding_time=0.000079
decoding_start=1563850904.44405
decoding_end=1563850904.44479  decoding_time=0.000074  nb_received_symbols=18  inefficiency_ratio=1.500000
eperf_tool: decoding ok
decoding_status=0
<end of output>
Test time =   0.00 sec
----------------------------------------------------------
Test Passed.
"Test.LDPC-SC.src12.IT" end time: Jul 23 11:01 CST
"Test.LDPC-SC.src12.IT" time elapsed: 00:00:00
----------------------------------------------------------

44/265 Testing: Test.LDPC-SC.src13.IT
44/265 Test: Test.LDPC-SC.src13.IT
Command: "/home/york/share/webrtc/openfec/openfec_v1.4.2/bin/Release/eperftool" "-codec=3" "-seed=1" "-tot_src=13" "-tot_rep=23"
Directory: /home/york/share/webrtc/openfec/openfec_v1.4.2/build/tests
"Test.LDPC-SC.src13.IT" start time: Jul 23 11:01 CST
Output:
----------------------------------------------------------
/home/york/share/webrtc/openfec/openfec_v1.4.2/bin/Release/eperftooleperf_tool: an extended AL-FEC performance evaluation tool
OpenFEC.org - Version 1.4.2, December 16th, 2014

tot_nb_source_symbols=13  tot_nb_repair_symbols=23  symbol_size=1024  ldpc_N1=5  rs_m=8
codec_id=3
transmission_type=randomly_send_all_source_and_repair_symbols
of_compute_blocking_struct: B=18055, L=13312, E=1024
		nb_blocks=1, I=0, A_large=13, A_small=13
prng seed=1
encoding_start=1563850904.47497
encoding_end=1563850904.47605  encoding_time=0.000108
decoding_start=1563850904.47631
decoding_end=1563850904.47721  decoding_time=0.000090  nb_received_symbols=16  inefficiency_ratio=1.230769
eperf_tool: decoding ok
decoding_status=0
<end of output>
Test time =   0.00 sec
----------------------------------------------------------
Test Passed.
"Test.LDPC-SC.src13.IT" end time: Jul 23 11:01 CST
"Test.LDPC-SC.src13.IT" time elapsed: 00:00:00
----------------------------------------------------------

45/265 Testing: Test.LDPC-SC.src14.IT
45/265 Test: Test.LDPC-SC.src14.IT
Command: "/home/york/share/webrtc/openfec/openfec_v1.4.2/bin/Release/eperftool" "-codec=3" "-seed=1" "-tot_src=14" "-tot_rep=23"
Directory: /home/york/share/webrtc/openfec/openfec_v1.4.2/build/tests
"Test.LDPC-SC.src14.IT" start time: Jul 23 11:01 CST
Output:
----------------------------------------------------------
/home/york/share/webrtc/openfec/openfec_v1.4.2/bin/Release/eperftooleperf_tool: an extended AL-FEC performance evaluation tool
OpenFEC.org - Version 1.4.2, December 16th, 2014

tot_nb_source_symbols=14  tot_nb_repair_symbols=23  symbol_size=1024  ldpc_N1=5  rs_m=8
codec_id=3
transmission_type=randomly_send_all_source_and_repair_symbols
of_compute_blocking_struct: B=18918, L=14336, E=1024
		nb_blocks=1, I=0, A_large=14, A_small=14
prng seed=1
encoding_start=1563850904.51286
encoding_end=1563850904.51408  encoding_time=0.000122
decoding_start=1563850904.51461
decoding_end=1563850904.51531  decoding_time=0.000070  nb_received_symbols=16  inefficiency_ratio=1.142857
eperf_tool: decoding ok
decoding_status=0
<end of output>
Test time =   0.00 sec
----------------------------------------------------------
Test Passed.
"Test.LDPC-SC.src14.IT" end time: Jul 23 11:01 CST
"Test.LDPC-SC.src14.IT" time elapsed: 00:00:00
----------------------------------------------------------

46/265 Testing: Test.LDPC-SC.src15.IT
46/265 Test: Test.LDPC-SC.src15.IT
Command: "/home/york/share/webrtc/openfec/openfec_v1.4.2/bin/Release/eperftool" "-codec=3" "-seed=1" "-tot_src=15" "-tot_rep=23"
Directory: /home/york/share/webrtc/openfec/openfec_v1.4.2/build/tests
"Test.LDPC-SC.src15.IT" start time: Jul 23 11:01 CST
Output:
----------------------------------------------------------
/home/york/share/webrtc/openfec/openfec_v1.4.2/bin/Release/eperftooleperf_tool: an extended AL-FEC performance evaluation tool
OpenFEC.org - Version 1.4.2, December 16th, 2014

tot_nb_source_symbols=15  tot_nb_repair_symbols=23  symbol_size=1024  ldpc_N1=5  rs_m=8
codec_id=3
transmission_type=randomly_send_all_source_and_repair_symbols
of_compute_blocking_struct: B=19736, L=15360, E=1024
		nb_blocks=1, I=0, A_large=15, A_small=15
prng seed=1
encoding_start=1563850904.54651
encoding_end=1563850904.54749  encoding_time=0.000098
decoding_start=1563850904.54759
decoding_end=1563850904.54867  decoding_time=0.000108  nb_received_symbols=20  inefficiency_ratio=1.333333
eperf_tool: decoding ok
decoding_status=0
<end of output>
Test time =   0.00 sec
----------------------------------------------------------
Test Passed.
"Test.LDPC-SC.src15.IT" end time: Jul 23 11:01 CST
"Test.LDPC-SC.src15.IT" time elapsed: 00:00:00
----------------------------------------------------------

47/265 Testing: Test.LDPC-SC.src16.IT
47/265 Test: Test.LDPC-SC.src16.IT
Command: "/home/york/share/webrtc/openfec/openfec_v1.4.2/bin/Release/eperftool" "-codec=3" "-seed=1" "-tot_src=16" "-tot_rep=23"
Directory: /home/york/share/webrtc/openfec/openfec_v1.4.2/build/tests
"Test.LDPC-SC.src16.IT" start time: Jul 23 11:01 CST
Output:
----------------------------------------------------------
/home/york/share/webrtc/openfec/openfec_v1.4.2/bin/Release/eperftooleperf_tool: an extended AL-FEC performance evaluation tool
OpenFEC.org - Version 1.4.2, December 16th, 2014

tot_nb_source_symbols=16  tot_nb_repair_symbols=23  symbol_size=1024  ldpc_N1=5  rs_m=8
codec_id=3
transmission_type=randomly_send_all_source_and_repair_symbols
of_compute_blocking_struct: B=20512, L=16384, E=1024
		nb_blocks=1, I=0, A_large=16, A_small=16
prng seed=1
encoding_start=1563850904.58338
encoding_end=1563850904.58437  encoding_time=0.000099
decoding_start=1563850904.58444
decoding_end=1563850904.58558  decoding_time=0.000114  nb_received_symbols=20  inefficiency_ratio=1.250000
eperf_tool: decoding ok
decoding_status=0
<end of output>
Test time =   0.00 sec
----------------------------------------------------------
Test Passed.
"Test.LDPC-SC.src16.IT" end time: Jul 23 11:01 CST
"Test.LDPC-SC.src16.IT" time elapsed: 00:00:00
----------------------------------------------------------

48/265 Testing: Test.LDPC-SC.src17.IT
48/265 Test: Test.LDPC-SC.src17.IT
Command: "/home/york/share/webrtc/openfec/openfec_v1.4.2/bin/Release/eperftool" "-codec=3" "-seed=1" "-tot_src=17" "-tot_rep=23"
Directory: /home/york/share/webrtc/openfec/openfec_v1.4.2/build/tests
"Test.LDPC-SC.src17.IT" start time: Jul 23 11:01 CST
Output:
----------------------------------------------------------
/home/york/share/webrtc/openfec/openfec_v1.4.2/bin/Release/eperftooleperf_tool: an extended AL-FEC performance evaluation tool
OpenFEC.org - Version 1.4.2, December 16th, 2014

tot_nb_source_symbols=17  tot_nb_repair_symbols=23  symbol_size=1024  ldpc_N1=5  rs_m=8
codec_id=3
transmission_type=randomly_send_all_source_and_repair_symbols
of_compute_blocking_struct: B=21250, L=17408, E=1024
		nb_blocks=1, I=0, A_large=17, A_small=17
prng seed=1
encoding_start=1563850904.63061
encoding_end=1563850904.63158  encoding_time=0.000097
decoding_start=1563850904.63175
decoding_end=1563850904.63261  decoding_time=0.000086  nb_received_symbols=23  inefficiency_ratio=1.352941
eperf_tool: decoding ok
decoding_status=0
<end of output>
Test time =   0.00 sec
----------------------------------------------------------
Test Passed.
"Test.LDPC-SC.src17.IT" end time: Jul 23 11:01 CST
"Test.LDPC-SC.src17.IT" time elapsed: 00:00:00
----------------------------------------------------------

49/265 Testing: Test.LDPC-SC.src18.IT
49/265 Test: Test.LDPC-SC.src18.IT
Command: "/home/york/share/webrtc/openfec/openfec_v1.4.2/bin/Release/eperftool" "-codec=3" "-seed=1" "-tot_src=18" "-tot_rep=23"
Directory: /home/york/share/webrtc/openfec/openfec_v1.4.2/build/tests
"Test.LDPC-SC.src18.IT" start time: Jul 23 11:01 CST
Output:
----------------------------------------------------------
/home/york/share/webrtc/openfec/openfec_v1.4.2/bin/Release/eperftooleperf_tool: an extended AL-FEC performance evaluation tool
OpenFEC.org - Version 1.4.2, December 16th, 2014

tot_nb_source_symbols=18  tot_nb_repair_symbols=23  symbol_size=1024  ldpc_N1=5  rs_m=8
codec_id=3
transmission_type=randomly_send_all_source_and_repair_symbols
of_compute_blocking_struct: B=21951, L=18432, E=1024
		nb_blocks=1, I=0, A_large=18, A_small=18
prng seed=1
encoding_start=1563850904.66796
encoding_end=1563850904.66928  encoding_time=0.000132
decoding_start=1563850904.66967
decoding_end=1563850904.67164  decoding_time=0.000197  nb_received_symbols=23  inefficiency_ratio=1.277778
eperf_tool: decoding ok
decoding_status=0
<end of output>
Test time =   0.00 sec
----------------------------------------------------------
Test Passed.
"Test.LDPC-SC.src18.IT" end time: Jul 23 11:01 CST
"Test.LDPC-SC.src18.IT" time elapsed: 00:00:00
----------------------------------------------------------

50/265 Testing: Test.LDPC-SC.src19.IT
50/265 Test: Test.LDPC-SC.src19.IT
Command: "/home/york/share/webrtc/openfec/openfec_v1.4.2/bin/Release/eperftool" "-codec=3" "-seed=1" "-tot_src=19" "-tot_rep=23"
Directory: /home/york/share/webrtc/openfec/openfec_v1.4.2/build/tests
"Test.LDPC-SC.src19.IT" start time: Jul 23 11:01 CST
Output:
----------------------------------------------------------
/home/york/share/webrtc/openfec/openfec_v1.4.2/bin/Release/eperftooleperf_tool: an extended AL-FEC performance evaluation tool
OpenFEC.org - Version 1.4.2, December 16th, 2014

tot_nb_source_symbols=19  tot_nb_repair_symbols=23  symbol_size=1024  ldpc_N1=5  rs_m=8
codec_id=3
transmission_type=randomly_send_all_source_and_repair_symbols
of_compute_blocking_struct: B=22619, L=19456, E=1024
		nb_blocks=1, I=0, A_large=19, A_small=19
prng seed=1
encoding_start=1563850904.70888
encoding_end=1563850904.70986  encoding_time=0.000098
decoding_start=1563850904.71008
decoding_end=1563850904.71129  decoding_time=0.000121  nb_received_symbols=23  inefficiency_ratio=1.210526
eperf_tool: decoding ok
decoding_status=0
<end of output>
Test time =   0.00 sec
----------------------------------------------------------
Test Passed.
"Test.LDPC-SC.src19.IT" end time: Jul 23 11:01 CST
"Test.LDPC-SC.src19.IT" time elapsed: 00:00:00
----------------------------------------------------------

51/265 Testing: Test.LDPC-SC.src20.IT
51/265 Test: Test.LDPC-SC.src20.IT
Command: "/home/york/share/webrtc/openfec/openfec_v1.4.2/bin/Release/eperftool" "-codec=3" "-seed=1" "-tot_src=20" "-tot_rep=23"
Directory: /home/york/share/webrtc/openfec/openfec_v1.4.2/build/tests
"Test.LDPC-SC.src20.IT" start time: Jul 23 11:01 CST
Output:
----------------------------------------------------------
/home/york/share/webrtc/openfec/openfec_v1.4.2/bin/Release/eperftooleperf_tool: an extended AL-FEC performance evaluation tool
OpenFEC.org - Version 1.4.2, December 16th, 2014

tot_nb_source_symbols=20  tot_nb_repair_symbols=23  symbol_size=1024  ldpc_N1=5  rs_m=8
codec_id=3
transmission_type=randomly_send_all_source_and_repair_symbols
of_compute_blocking_struct: B=23255, L=20480, E=1024
		nb_blocks=1, I=0, A_large=20, A_small=20
prng seed=1
encoding_start=1563850904.73794
encoding_end=1563850904.73835  encoding_time=0.000041
decoding_start=1563850904.73851
decoding_end=1563850904.73898  decoding_time=0.000047  nb_received_symbols=29  inefficiency_ratio=1.450000
eperf_tool: decoding ok
decoding_status=0
<end of output>
Test time =   0.00 sec
----------------------------------------------------------
Test Passed.
"Test.LDPC-SC.src20.IT" end time: Jul 23 11:01 CST
"Test.LDPC-SC.src20.IT" time elapsed: 00:00:00
----------------------------------------------------------

52/265 Testing: Test.LDPC-SC.src21.IT
52/265 Test: Test.LDPC-SC.src21.IT
Command: "/home/york/share/webrtc/openfec/openfec_v1.4.2/bin/Release/eperftool" "-codec=3" "-seed=1" "-tot_src=21" "-tot_rep=23"
Directory: /home/york/share/webrtc/openfec/openfec_v1.4.2/build/tests
"Test.LDPC-SC.src21.IT" start time: Jul 23 11:01 CST
Output:
----------------------------------------------------------
/home/york/share/webrtc/openfec/openfec_v1.4.2/bin/Release/eperftooleperf_tool: an extended AL-FEC performance evaluation tool
OpenFEC.org - Version 1.4.2, December 16th, 2014

tot_nb_source_symbols=21  tot_nb_repair_symbols=23  symbol_size=1024  ldpc_N1=5  rs_m=8
codec_id=3
transmission_type=randomly_send_all_source_and_repair_symbols
of_compute_blocking_struct: B=23863, L=21504, E=1024
		nb_blocks=1, I=0, A_large=21, A_small=21
prng seed=1
encoding_start=1563850904.77788
encoding_end=1563850904.77891  encoding_time=0.000103
decoding_start=1563850904.77915
decoding_end=1563850904.78029  decoding_time=0.000114  nb_received_symbols=28  inefficiency_ratio=1.333333
eperf_tool: decoding ok
decoding_status=0
<end of output>
Test time =   0.00 sec
----------------------------------------------------------
Test Passed.
"Test.LDPC-SC.src21.IT" end time: Jul 23 11:01 CST
"Test.LDPC-SC.src21.IT" time elapsed: 00:00:00
----------------------------------------------------------

53/265 Testing: Test.LDPC-SC.src22.IT
53/265 Test: Test.LDPC-SC.src22.IT
Command: "/home/york/share/webrtc/openfec/openfec_v1.4.2/bin/Release/eperftool" "-codec=3" "-seed=1" "-tot_src=22" "-tot_rep=23"
Directory: /home/york/share/webrtc/openfec/openfec_v1.4.2/build/tests
"Test.LDPC-SC.src22.IT" start time: Jul 23 11:01 CST
Output:
----------------------------------------------------------
/home/york/share/webrtc/openfec/openfec_v1.4.2/bin/Release/eperftooleperf_tool: an extended AL-FEC performance evaluation tool
OpenFEC.org - Version 1.4.2, December 16th, 2014

tot_nb_source_symbols=22  tot_nb_repair_symbols=23  symbol_size=1024  ldpc_N1=5  rs_m=8
codec_id=3
transmission_type=randomly_send_all_source_and_repair_symbols
of_compute_blocking_struct: B=24444, L=22528, E=1024
		nb_blocks=1, I=0, A_large=22, A_small=22
prng seed=1
encoding_start=1563850904.81617
encoding_end=1563850904.81716  encoding_time=0.000099
decoding_start=1563850904.81731
decoding_end=1563850904.81842  decoding_time=0.000111  nb_received_symbols=26  inefficiency_ratio=1.181818
eperf_tool: decoding ok
decoding_status=0
<end of output>
Test time =   0.00 sec
----------------------------------------------------------
Test Passed.
"Test.LDPC-SC.src22.IT" end time: Jul 23 11:01 CST
"Test.LDPC-SC.src22.IT" time elapsed: 00:00:00
----------------------------------------------------------

54/265 Testing: Test.LDPC-SC.src23.IT
54/265 Test: Test.LDPC-SC.src23.IT
[...]
codec_id=1
transmission_type=randomly_send_all_source_and_repair_symbols
of_compute_blocking_struct: B=191, L=1536000, E=1024
		nb_blocks=8, I=4, A_large=188, A_small=187
prng seed=1
encoding_start=1563850918.463563
encoding_end=1563850918.514888  encoding_time=0.051325
decoding_start=1563850918.514910
decoding_end=1563850918.564016  decoding_time=0.049106  nb_received_symbols=1590  inefficiency_ratio=1.060000
eperf_tool: decoding ok
decoding_status=0
<end of output>
Test time =   0.13 sec
----------------------------------------------------------
Test Passed.
"Test.RS_28.cr3.4.loss3" end time: Jul 23 11:01 CST
"Test.RS_28.cr3.4.loss3" time elapsed: 00:00:00
----------------------------------------------------------

252/265 Testing: Test.RS_28.cr3.4.big
252/265 Test: Test.RS_28.cr3.4.big
Command: "/home/york/share/webrtc/openfec/openfec_v1.4.2/bin/Release/eperftool" "-codec=1" "-rs_m=8" "-seed=1" "-tot_src=15000" "-tot_rep=5000"
Directory: /home/york/share/webrtc/openfec/openfec_v1.4.2/build/tests
"Test.RS_28.cr3.4.big" start time: Jul 23 11:01 CST
Output:
----------------------------------------------------------
/home/york/share/webrtc/openfec/openfec_v1.4.2/bin/Release/eperftooleperf_tool: an extended AL-FEC performance evaluation tool
OpenFEC.org - Version 1.4.2, December 16th, 2014

tot_nb_source_symbols=15000  tot_nb_repair_symbols=5000  symbol_size=1024  ldpc_N1=5  rs_m=8
codec_id=1
transmission_type=randomly_send_all_source_and_repair_symbols
of_compute_blocking_struct: B=191, L=15360000, E=1024
		nb_blocks=79, I=69, A_large=190, A_small=189
prng seed=1
encoding_start=1563850918.836408
encoding_end=1563850919.425795  encoding_time=0.589387
decoding_start=1563850919.425846
decoding_end=1563850919.872752  decoding_time=0.446906  nb_received_symbols=16359  inefficiency_ratio=1.090600
eperf_tool: decoding ok
decoding_status=0
<end of output>
Test time =   1.31 sec
----------------------------------------------------------
Test Passed.
"Test.RS_28.cr3.4.big" end time: Jul 23 11:01 CST
"Test.RS_28.cr3.4.big" time elapsed: 00:00:01
----------------------------------------------------------

253/265 Testing: Test.RS_28.ss1
253/265 Test: Test.RS_28.ss1
Command: "/home/york/share/webrtc/openfec/openfec_v1.4.2/bin/Release/eperftool" "-codec=1" "-rs_m=8" "-seed=1" "-tot_src=100" "-tot_rep=100" "-symb_sz=1"
Directory: /home/york/share/webrtc/openfec/openfec_v1.4.2/build/tests
"Test.RS_28.ss1" start time: Jul 23 11:01 CST
Output:
----------------------------------------------------------
/home/york/share/webrtc/openfec/openfec_v1.4.2/bin/Release/eperftooleperf_tool: an extended AL-FEC performance evaluation tool
OpenFEC.org - Version 1.4.2, December 16th, 2014

tot_nb_source_symbols=100  tot_nb_repair_symbols=100  symbol_size=1  ldpc_N1=5  rs_m=8
codec_id=1
transmission_type=randomly_send_all_source_and_repair_symbols
of_compute_blocking_struct: B=127, L=100, E=1
		nb_blocks=1, I=0, A_large=100, A_small=100
prng seed=1
encoding_start=1563850919.879184
encoding_end=1563850919.880154  encoding_time=0.000970
decoding_start=1563850919.880179
decoding_end=1563850919.881263  decoding_time=0.001084  nb_received_symbols=100  inefficiency_ratio=1.000000
eperf_tool: decoding ok
decoding_status=0
<end of output>
Test time =   0.00 sec
----------------------------------------------------------
Test Passed.
"Test.RS_28.ss1" end time: Jul 23 11:01 CST
"Test.RS_28.ss1" time elapsed: 00:00:00
----------------------------------------------------------

254/265 Testing: Test.RS_28.ss2
254/265 Test: Test.RS_28.ss2
Command: "/home/york/share/webrtc/openfec/openfec_v1.4.2/bin/Release/eperftool" "-codec=1" "-rs_m=8" "-seed=1" "-tot_src=100" "-tot_rep=100" "-symb_sz=2"
Directory: /home/york/share/webrtc/openfec/openfec_v1.4.2/build/tests
"Test.RS_28.ss2" start time: Jul 23 11:01 CST
Output:
----------------------------------------------------------
/home/york/share/webrtc/openfec/openfec_v1.4.2/bin/Release/eperftooleperf_tool: an extended AL-FEC performance evaluation tool
OpenFEC.org - Version 1.4.2, December 16th, 2014

tot_nb_source_symbols=100  tot_nb_repair_symbols=100  symbol_size=2  ldpc_N1=5  rs_m=8
codec_id=1
transmission_type=randomly_send_all_source_and_repair_symbols
of_compute_blocking_struct: B=127, L=200, E=2
		nb_blocks=1, I=0, A_large=100, A_small=100
prng seed=1
encoding_start=1563850919.883167
encoding_end=1563850919.884604  encoding_time=0.001437
decoding_start=1563850919.884625
decoding_end=1563850919.885692  decoding_time=0.001067  nb_received_symbols=100  inefficiency_ratio=1.000000
eperf_tool: decoding ok
decoding_status=0
<end of output>
Test time =   0.00 sec
----------------------------------------------------------
Test Passed.
"Test.RS_28.ss2" end time: Jul 23 11:01 CST
"Test.RS_28.ss2" time elapsed: 00:00:00
----------------------------------------------------------

255/265 Testing: Test.RS_28.ss3
255/265 Test: Test.RS_28.ss3
Command: "/home/york/share/webrtc/openfec/openfec_v1.4.2/bin/Release/eperftool" "-codec=1" "-rs_m=8" "-seed=1" "-tot_src=100" "-tot_rep=100" "-symb_sz=3"
Directory: /home/york/share/webrtc/openfec/openfec_v1.4.2/build/tests
"Test.RS_28.ss3" start time: Jul 23 11:01 CST
Output:
----------------------------------------------------------
/home/york/share/webrtc/openfec/openfec_v1.4.2/bin/Release/eperftooleperf_tool: an extended AL-FEC performance evaluation tool
OpenFEC.org - Version 1.4.2, December 16th, 2014

tot_nb_source_symbols=100  tot_nb_repair_symbols=100  symbol_size=3  ldpc_N1=5  rs_m=8
codec_id=1
transmission_type=randomly_send_all_source_and_repair_symbols
of_compute_blocking_struct: B=127, L=300, E=3
		nb_blocks=1, I=0, A_large=100, A_small=100
prng seed=1
encoding_start=1563850919.887227
encoding_end=1563850919.888249  encoding_time=0.001022
decoding_start=1563850919.888272
decoding_end=1563850919.890049  decoding_time=0.001777  nb_received_symbols=100  inefficiency_ratio=1.000000
eperf_tool: decoding ok
decoding_status=0
<end of output>
Test time =   0.01 sec
----------------------------------------------------------
Test Passed.
"Test.RS_28.ss3" end time: Jul 23 11:01 CST
"Test.RS_28.ss3" time elapsed: 00:00:00
----------------------------------------------------------

256/265 Testing: Test.RS_28.ss4
256/265 Test: Test.RS_28.ss4
Command: "/home/york/share/webrtc/openfec/openfec_v1.4.2/bin/Release/eperftool" "-codec=1" "-rs_m=8" "-seed=1" "-tot_src=100" "-tot_rep=100" "-symb_sz=4"
Directory: /home/york/share/webrtc/openfec/openfec_v1.4.2/build/tests
"Test.RS_28.ss4" start time: Jul 23 11:01 CST
Output:
----------------------------------------------------------
/home/york/share/webrtc/openfec/openfec_v1.4.2/bin/Release/eperftooleperf_tool: an extended AL-FEC performance evaluation tool
OpenFEC.org - Version 1.4.2, December 16th, 2014

tot_nb_source_symbols=100  tot_nb_repair_symbols=100  symbol_size=4  ldpc_N1=5  rs_m=8
codec_id=1
transmission_type=randomly_send_all_source_and_repair_symbols
of_compute_blocking_struct: B=127, L=400, E=4
		nb_blocks=1, I=0, A_large=100, A_small=100
prng seed=1
encoding_start=1563850919.895285
encoding_end=1563850919.896351  encoding_time=0.001066
decoding_start=1563850919.896383
decoding_end=1563850919.897373  decoding_time=0.000990  nb_received_symbols=100  inefficiency_ratio=1.000000
eperf_tool: decoding ok
decoding_status=0
<end of output>
Test time =   0.00 sec
----------------------------------------------------------
Test Passed.
"Test.RS_28.ss4" end time: Jul 23 11:01 CST
"Test.RS_28.ss4" time elapsed: 00:00:00
----------------------------------------------------------

257/265 Testing: Test.RS_28.ss5
257/265 Test: Test.RS_28.ss5
Command: "/home/york/share/webrtc/openfec/openfec_v1.4.2/bin/Release/eperftool" "-codec=1" "-rs_m=8" "-seed=1" "-tot_src=100" "-tot_rep=100" "-symb_sz=5"
Directory: /home/york/share/webrtc/openfec/openfec_v1.4.2/build/tests
"Test.RS_28.ss5" start time: Jul 23 11:01 CST
Output:
----------------------------------------------------------
/home/york/share/webrtc/openfec/openfec_v1.4.2/bin/Release/eperftooleperf_tool: an extended AL-FEC performance evaluation tool
OpenFEC.org - Version 1.4.2, December 16th, 2014

tot_nb_source_symbols=100  tot_nb_repair_symbols=100  symbol_size=5  ldpc_N1=5  rs_m=8
codec_id=1
transmission_type=randomly_send_all_source_and_repair_symbols
of_compute_blocking_struct: B=127, L=500, E=5
		nb_blocks=1, I=0, A_large=100, A_small=100
prng seed=1
encoding_start=1563850919.901973
encoding_end=1563850919.906656  encoding_time=0.004683
decoding_start=1563850919.906673
decoding_end=1563850919.912087  decoding_time=0.005414  nb_received_symbols=100  inefficiency_ratio=1.000000
eperf_tool: decoding ok
decoding_status=0
<end of output>
Test time =   0.01 sec
----------------------------------------------------------
Test Passed.
"Test.RS_28.ss5" end time: Jul 23 11:01 CST
"Test.RS_28.ss5" time elapsed: 00:00:00
----------------------------------------------------------

258/265 Testing: Test.RS_28.ss6
258/265 Test: Test.RS_28.ss6
Command: "/home/york/share/webrtc/openfec/openfec_v1.4.2/bin/Release/eperftool" "-codec=1" "-rs_m=8" "-seed=1" "-tot_src=100" "-tot_rep=100" "-symb_sz=6"
Directory: /home/york/share/webrtc/openfec/openfec_v1.4.2/build/tests
"Test.RS_28.ss6" start time: Jul 23 11:01 CST
Output:
----------------------------------------------------------
/home/york/share/webrtc/openfec/openfec_v1.4.2/bin/Release/eperftooleperf_tool: an extended AL-FEC performance evaluation tool
OpenFEC.org - Version 1.4.2, December 16th, 2014

tot_nb_source_symbols=100  tot_nb_repair_symbols=100  symbol_size=6  ldpc_N1=5  rs_m=8
codec_id=1
transmission_type=randomly_send_all_source_and_repair_symbols
of_compute_blocking_struct: B=127, L=600, E=6
		nb_blocks=1, I=0, A_large=100, A_small=100
prng seed=1
encoding_start=1563850919.916178
encoding_end=1563850919.917300  encoding_time=0.001122
decoding_start=1563850919.917322
decoding_end=1563850919.918700  decoding_time=0.001378  nb_received_symbols=100  inefficiency_ratio=1.000000
eperf_tool: decoding ok
decoding_status=0
<end of output>
Test time =   0.00 sec
----------------------------------------------------------
Test Passed.
"Test.RS_28.ss6" end time: Jul 23 11:01 CST
"Test.RS_28.ss6" time elapsed: 00:00:00
----------------------------------------------------------

259/265 Testing: Test.RS_28.ss7
259/265 Test: Test.RS_28.ss7
Command: "/home/york/share/webrtc/openfec/openfec_v1.4.2/bin/Release/eperftool" "-codec=1" "-rs_m=8" "-seed=1" "-tot_src=100" "-tot_rep=100" "-symb_sz=7"
Directory: /home/york/share/webrtc/openfec/openfec_v1.4.2/build/tests
"Test.RS_28.ss7" start time: Jul 23 11:01 CST
Output:
----------------------------------------------------------
/home/york/share/webrtc/openfec/openfec_v1.4.2/bin/Release/eperftooleperf_tool: an extended AL-FEC performance evaluation tool
OpenFEC.org - Version 1.4.2, December 16th, 2014

tot_nb_source_symbols=100  tot_nb_repair_symbols=100  symbol_size=7  ldpc_N1=5  rs_m=8
codec_id=1
transmission_type=randomly_send_all_source_and_repair_symbols
of_compute_blocking_struct: B=127, L=700, E=7
		nb_blocks=1, I=0, A_large=100, A_small=100
prng seed=1
encoding_start=1563850919.922428
encoding_end=1563850919.925494  encoding_time=0.003066
decoding_start=1563850919.925542
decoding_end=1563850919.926452  decoding_time=0.000910  nb_received_symbols=100  inefficiency_ratio=1.000000
eperf_tool: decoding ok
decoding_status=0
<end of output>
Test time =   0.01 sec
----------------------------------------------------------
Test Passed.
"Test.RS_28.ss7" end time: Jul 23 11:01 CST
"Test.RS_28.ss7" time elapsed: 00:00:00
----------------------------------------------------------

260/265 Testing: Test.RS_28.ss8
260/265 Test: Test.RS_28.ss8
Command: "/home/york/share/webrtc/openfec/openfec_v1.4.2/bin/Release/eperftool" "-codec=1" "-rs_m=8" "-seed=1" "-tot_src=100" "-tot_rep=100" "-symb_sz=8"
Directory: /home/york/share/webrtc/openfec/openfec_v1.4.2/build/tests
"Test.RS_28.ss8" start time: Jul 23 11:01 CST
Output:
----------------------------------------------------------
/home/york/share/webrtc/openfec/openfec_v1.4.2/bin/Release/eperftooleperf_tool: an extended AL-FEC performance evaluation tool
OpenFEC.org - Version 1.4.2, December 16th, 2014

tot_nb_source_symbols=100  tot_nb_repair_symbols=100  symbol_size=8  ldpc_N1=5  rs_m=8
codec_id=1
transmission_type=randomly_send_all_source_and_repair_symbols
of_compute_blocking_struct: B=127, L=800, E=8
		nb_blocks=1, I=0, A_large=100, A_small=100
prng seed=1
encoding_start=1563850919.931630
encoding_end=1563850919.933132  encoding_time=0.001502
decoding_start=1563850919.933158
decoding_end=1563850919.934206  decoding_time=0.001048  nb_received_symbols=100  inefficiency_ratio=1.000000
eperf_tool: decoding ok
decoding_status=0
<end of output>
Test time =   0.01 sec
----------------------------------------------------------
Test Passed.
"Test.RS_28.ss8" end time: Jul 23 11:01 CST
"Test.RS_28.ss8" time elapsed: 00:00:00
----------------------------------------------------------

261/265 Testing: Test.RS_28.ss9
261/265 Test: Test.RS_28.ss9
Command: "/home/york/share/webrtc/openfec/openfec_v1.4.2/bin/Release/eperftool" "-codec=1" "-rs_m=8" "-seed=1" "-tot_src=100" "-tot_rep=100" "-symb_sz=9"
Directory: /home/york/share/webrtc/openfec/openfec_v1.4.2/build/tests
"Test.RS_28.ss9" start time: Jul 23 11:01 CST
Output:
----------------------------------------------------------
/home/york/share/webrtc/openfec/openfec_v1.4.2/bin/Release/eperftooleperf_tool: an extended AL-FEC performance evaluation tool
OpenFEC.org - Version 1.4.2, December 16th, 2014

tot_nb_source_symbols=100  tot_nb_repair_symbols=100  symbol_size=9  ldpc_N1=5  rs_m=8
codec_id=1
transmission_type=randomly_send_all_source_and_repair_symbols
of_compute_blocking_struct: B=127, L=900, E=9
		nb_blocks=1, I=0, A_large=100, A_small=100
prng seed=1
encoding_start=1563850919.937924
encoding_end=1563850919.943777  encoding_time=0.005853
decoding_start=1563850919.943809
decoding_end=1563850919.948572  decoding_time=0.004763  nb_received_symbols=100  inefficiency_ratio=1.000000
eperf_tool: decoding ok
decoding_status=0
<end of output>
Test time =   0.01 sec
----------------------------------------------------------
Test Passed.
"Test.RS_28.ss9" end time: Jul 23 11:01 CST
"Test.RS_28.ss9" time elapsed: 00:00:00
----------------------------------------------------------

262/265 Testing: Test.RS_28.ss10
262/265 Test: Test.RS_28.ss10
Command: "/home/york/share/webrtc/openfec/openfec_v1.4.2/bin/Release/eperftool" "-codec=1" "-rs_m=8" "-seed=1" "-tot_src=100" "-tot_rep=100" "-symb_sz=10"
Directory: /home/york/share/webrtc/openfec/openfec_v1.4.2/build/tests
"Test.RS_28.ss10" start time: Jul 23 11:01 CST
Output:
----------------------------------------------------------
/home/york/share/webrtc/openfec/openfec_v1.4.2/bin/Release/eperftooleperf_tool: an extended AL-FEC performance evaluation tool
OpenFEC.org - Version 1.4.2, December 16th, 2014

tot_nb_source_symbols=100  tot_nb_repair_symbols=100  symbol_size=10  ldpc_N1=5  rs_m=8
codec_id=1
transmission_type=randomly_send_all_source_and_repair_symbols
of_compute_blocking_struct: B=127, L=1000, E=10
		nb_blocks=1, I=0, A_large=100, A_small=100
prng seed=1
encoding_start=1563850919.953769
encoding_end=1563850919.958970  encoding_time=0.005201
decoding_start=1563850919.959005
decoding_end=1563850919.963479  decoding_time=0.004474  nb_received_symbols=100  inefficiency_ratio=1.000000
eperf_tool: decoding ok
decoding_status=0
<end of output>
Test time =   0.01 sec
----------------------------------------------------------
Test Passed.
"Test.RS_28.ss10" end time: Jul 23 11:01 CST
"Test.RS_28.ss10" time elapsed: 00:00:00
----------------------------------------------------------

263/265 Testing: Test.RS_28.ss11
263/265 Test: Test.RS_28.ss11
Command: "/home/york/share/webrtc/openfec/openfec_v1.4.2/bin/Release/eperftool" "-codec=1" "-rs_m=8" "-seed=1" "-tot_src=100" "-tot_rep=100" "-symb_sz=11"
Directory: /home/york/share/webrtc/openfec/openfec_v1.4.2/build/tests
"Test.RS_28.ss11" start time: Jul 23 11:01 CST
Output:
----------------------------------------------------------
/home/york/share/webrtc/openfec/openfec_v1.4.2/bin/Release/eperftooleperf_tool: an extended AL-FEC performance evaluation tool
OpenFEC.org - Version 1.4.2, December 16th, 2014

tot_nb_source_symbols=100  tot_nb_repair_symbols=100  symbol_size=11  ldpc_N1=5  rs_m=8
codec_id=1
transmission_type=randomly_send_all_source_and_repair_symbols
of_compute_blocking_struct: B=127, L=1100, E=11
		nb_blocks=1, I=0, A_large=100, A_small=100
prng seed=1
encoding_start=1563850919.967406
encoding_end=1563850919.973760  encoding_time=0.006354
decoding_start=1563850919.973859
decoding_end=1563850919.974711  decoding_time=0.000852  nb_received_symbols=100  inefficiency_ratio=1.000000
eperf_tool: decoding ok
decoding_status=0
<end of output>
Test time =   0.01 sec
----------------------------------------------------------
Test Passed.
"Test.RS_28.ss11" end time: Jul 23 11:01 CST
"Test.RS_28.ss11" time elapsed: 00:00:00
----------------------------------------------------------

264/265 Testing: Test.RS_28.ss12
264/265 Test: Test.RS_28.ss12
Command: "/home/york/share/webrtc/openfec/openfec_v1.4.2/bin/Release/eperftool" "-codec=1" "-rs_m=8" "-seed=1" "-tot_src=100" "-tot_rep=100" "-symb_sz=12"
Directory: /home/york/share/webrtc/openfec/openfec_v1.4.2/build/tests
"Test.RS_28.ss12" start time: Jul 23 11:01 CST
Output:
----------------------------------------------------------
/home/york/share/webrtc/openfec/openfec_v1.4.2/bin/Release/eperftooleperf_tool: an extended AL-FEC performance evaluation tool
OpenFEC.org - Version 1.4.2, December 16th, 2014

tot_nb_source_symbols=100  tot_nb_repair_symbols=100  symbol_size=12  ldpc_N1=5  rs_m=8
codec_id=1
transmission_type=randomly_send_all_source_and_repair_symbols
of_compute_blocking_struct: B=127, L=1200, E=12
		nb_blocks=1, I=0, A_large=100, A_small=100
prng seed=1
encoding_start=1563850919.979397
encoding_end=1563850919.980370  encoding_time=0.000973
decoding_start=1563850919.980395
decoding_end=1563850919.981325  decoding_time=0.000930  nb_received_symbols=100  inefficiency_ratio=1.000000
eperf_tool: decoding ok
decoding_status=0
<end of output>
Test time =   0.00 sec
----------------------------------------------------------
Test Passed.
"Test.RS_28.ss12" end time: Jul 23 11:01 CST
"Test.RS_28.ss12" time elapsed: 00:00:00
----------------------------------------------------------

265/265 Testing: Test.RS_28.ss13
265/265 Test: Test.RS_28.ss13
Command: "/home/york/share/webrtc/openfec/openfec_v1.4.2/bin/Release/eperftool" "-codec=1" "-rs_m=8" "-seed=1" "-tot_src=100" "-tot_rep=100" "-symb_sz=13"
Directory: /home/york/share/webrtc/openfec/openfec_v1.4.2/build/tests
"Test.RS_28.ss13" start time: Jul 23 11:01 CST
Output:
----------------------------------------------------------
/home/york/share/webrtc/openfec/openfec_v1.4.2/bin/Release/eperftooleperf_tool: an extended AL-FEC performance evaluation tool
OpenFEC.org - Version 1.4.2, December 16th, 2014

tot_nb_source_symbols=100  tot_nb_repair_symbols=100  symbol_size=13  ldpc_N1=5  rs_m=8
codec_id=1
transmission_type=randomly_send_all_source_and_repair_symbols
of_compute_blocking_struct: B=127, L=1300, E=13
		nb_blocks=1, I=0, A_large=100, A_small=100
prng seed=1
encoding_start=1563850919.984701
encoding_end=1563850919.989329  encoding_time=0.004628
decoding_start=1563850919.989349
decoding_end=1563850919.993992  decoding_time=0.004643  nb_received_symbols=100  inefficiency_ratio=1.000000
eperf_tool: decoding ok
decoding_status=0
<end of output>
Test time =   0.01 sec
----------------------------------------------------------
Test Passed.
"Test.RS_28.ss13" end time: Jul 23 11:01 CST
"Test.RS_28.ss13" time elapsed: 00:00:00
----------------------------------------------------------

End testing: Jul 23 11:01 CST
